This file contains any messages produced by compilers while
running configure, to aid debugging if configure makes a mistake.

It was created by Check configure 0.9.10, which was
generated by GNU Autoconf 2.67.  Invocation command line was

  $ ./configure 

## --------- ##
## Platform. ##
## --------- ##

hostname = dn0a22a86e.sunet
uname -m = x86_64
uname -r = 12.4.0
uname -s = Darwin
uname -v = Darwin Kernel Version 12.4.0: Wed May  1 17:57:12 PDT 2013; root:xnu-2050.24.15~1/RELEASE_X86_64

/usr/bin/uname -p = i386
/bin/uname -X     = unknown

/bin/arch              = unknown
/usr/bin/arch -k       = unknown
/usr/convex/getsysinfo = unknown
/usr/bin/hostinfo      = Mach kernel version:
	 Darwin Kernel Version 12.4.0: Wed May  1 17:57:12 PDT 2013; root:xnu-2050.24.15~1/RELEASE_X86_64
Kernel configured for up to 2 processors.
2 processors are physically available.
2 processors are logically available.
Processor type: i486 (Intel 80486)
Processors active: 0 1
Primary memory available: 4.00 gigabytes
Default processor set: 143 tasks, 866 threads, 2 processors
Load average: 1.44, Mach factor: 1.00
/bin/machine           = unknown
/usr/bin/oslevel       = unknown
/bin/universe          = unknown

PATH: /Users/tiago/anaconda/bin
PATH: /usr/local/bin
PATH: /usr/bin
PATH: /bin
PATH: /usr/sbin
PATH: /sbin
PATH: /opt/X11/bin
PATH: /usr/texbin


## ----------- ##
## Core tests. ##
## ----------- ##

configure:2843: checking for gcc
configure:2859: found /usr/bin/gcc
configure:2870: result: gcc
configure:3099: checking for C compiler version
configure:3108: gcc --version >&5
i686-apple-darwin11-llvm-gcc-4.2 (GCC) 4.2.1 (Based on Apple Inc. build 5658) (LLVM build 2336.11.00)
Copyright (C) 2007 Free Software Foundation, Inc.
This is free software; see the source for copying conditions.  There is NO
warranty; not even for MERCHANTABILITY or FITNESS FOR A PARTICULAR PURPOSE.

configure:3119: $? = 0
configure:3108: gcc -v >&5
Using built-in specs.
Target: i686-apple-darwin11
Configured with: /private/var/tmp/llvmgcc42/llvmgcc42-2336.11~182/src/configure --disable-checking --enable-werror --prefix=/Applications/Xcode.app/Contents/Developer/usr/llvm-gcc-4.2 --mandir=/share/man --enable-languages=c,objc,c++,obj-c++ --program-prefix=llvm- --program-transform-name=/^[cg][^.-]*$/s/$/-4.2/ --with-slibdir=/usr/lib --build=i686-apple-darwin11 --enable-llvm=/private/var/tmp/llvmgcc42/llvmgcc42-2336.11~182/dst-llvmCore/Developer/usr/local --program-prefix=i686-apple-darwin11- --host=x86_64-apple-darwin11 --target=i686-apple-darwin11 --with-gxx-include-dir=/usr/include/c++/4.2.1
Thread model: posix
gcc version 4.2.1 (Based on Apple Inc. build 5658) (LLVM build 2336.11.00)
configure:3119: $? = 0
configure:3108: gcc -V >&5
llvm-gcc-4.2: argument to `-V' is missing
configure:3119: $? = 1
configure:3108: gcc -qversion >&5
i686-apple-darwin11-llvm-gcc-4.2: no input files
configure:3119: $? = 1
configure:3139: checking whether the C compiler works
configure:3161: gcc    conftest.c  >&5
configure:3165: $? = 0
configure:3213: result: yes
configure:3216: checking for C compiler default output file name
configure:3218: result: a.out
configure:3224: checking for suffix of executables
configure:3231: gcc -o conftest    conftest.c  >&5
configure:3235: $? = 0
configure:3257: result: 
configure:3279: checking whether we are cross compiling
configure:3287: gcc -o conftest    conftest.c  >&5
configure:3291: $? = 0
configure:3298: ./conftest
configure:3302: $? = 0
configure:3317: result: no
configure:3322: checking for suffix of object files
configure:3344: gcc -c   conftest.c >&5
configure:3348: $? = 0
configure:3369: result: o
configure:3373: checking whether we are using the GNU C compiler
configure:3392: gcc -c   conftest.c >&5
configure:3392: $? = 0
configure:3401: result: yes
configure:3410: checking whether gcc accepts -g
configure:3430: gcc -c -g  conftest.c >&5
configure:3430: $? = 0
configure:3471: result: yes
configure:3488: checking for gcc option to accept ISO C89
configure:3552: gcc  -c -g -O2  conftest.c >&5
configure:3552: $? = 0
configure:3565: result: none needed
configure:3591: checking how to run the C preprocessor
configure:3622: gcc -E  conftest.c
configure:3622: $? = 0
configure:3636: gcc -E  conftest.c
conftest.c:9:28: error: ac_nonexistent.h: No such file or directory
configure:3636: $? = 1
configure: failed program was:
| /* confdefs.h */
| #define PACKAGE_NAME "Check"
| #define PACKAGE_TARNAME "check"
| #define PACKAGE_VERSION "0.9.10"
| #define PACKAGE_STRING "Check 0.9.10"
| #define PACKAGE_BUGREPORT "check-devel at lists dot sourceforge dot net"
| #define PACKAGE_URL ""
| /* end confdefs.h.  */
| #include <ac_nonexistent.h>
configure:3661: result: gcc -E
configure:3681: gcc -E  conftest.c
configure:3681: $? = 0
configure:3695: gcc -E  conftest.c
conftest.c:9:28: error: ac_nonexistent.h: No such file or directory
configure:3695: $? = 1
configure: failed program was:
| /* confdefs.h */
| #define PACKAGE_NAME "Check"
| #define PACKAGE_TARNAME "check"
| #define PACKAGE_VERSION "0.9.10"
| #define PACKAGE_STRING "Check 0.9.10"
| #define PACKAGE_BUGREPORT "check-devel at lists dot sourceforge dot net"
| #define PACKAGE_URL ""
| /* end confdefs.h.  */
| #include <ac_nonexistent.h>
configure:3724: checking for grep that handles long lines and -e
configure:3782: result: /usr/bin/grep
configure:3787: checking for egrep
configure:3849: result: /usr/bin/grep -E
configure:3854: checking for ANSI C header files
configure:3874: gcc -c -g -O2  conftest.c >&5
configure:3874: $? = 0
configure:3947: gcc -o conftest -g -O2   conftest.c  >&5
configure:3947: $? = 0
configure:3947: ./conftest
configure:3947: $? = 0
configure:3958: result: yes
configure:3971: checking for sys/types.h
configure:3971: gcc -c -g -O2  conftest.c >&5
configure:3971: $? = 0
configure:3971: result: yes
configure:3971: checking for sys/stat.h
configure:3971: gcc -c -g -O2  conftest.c >&5
configure:3971: $? = 0
configure:3971: result: yes
configure:3971: checking for stdlib.h
configure:3971: gcc -c -g -O2  conftest.c >&5
configure:3971: $? = 0
configure:3971: result: yes
configure:3971: checking for string.h
configure:3971: gcc -c -g -O2  conftest.c >&5
configure:3971: $? = 0
configure:3971: result: yes
configure:3971: checking for memory.h
configure:3971: gcc -c -g -O2  conftest.c >&5
configure:3971: $? = 0
configure:3971: result: yes
configure:3971: checking for strings.h
configure:3971: gcc -c -g -O2  conftest.c >&5
configure:3971: $? = 0
configure:3971: result: yes
configure:3971: checking for inttypes.h
configure:3971: gcc -c -g -O2  conftest.c >&5
configure:3971: $? = 0
configure:3971: result: yes
configure:3971: checking for stdint.h
configure:3971: gcc -c -g -O2  conftest.c >&5
configure:3971: $? = 0
configure:3971: result: yes
configure:3971: checking for unistd.h
configure:3971: gcc -c -g -O2  conftest.c >&5
configure:3971: $? = 0
configure:3971: result: yes
configure:3984: checking minix/config.h usability
configure:3984: gcc -c -g -O2  conftest.c >&5
conftest.c:52:26: error: minix/config.h: No such file or directory
configure:3984: $? = 1
configure: failed program was:
| /* confdefs.h */
| #define PACKAGE_NAME "Check"
| #define PACKAGE_TARNAME "check"
| #define PACKAGE_VERSION "0.9.10"
| #define PACKAGE_STRING "Check 0.9.10"
| #define PACKAGE_BUGREPORT "check-devel at lists dot sourceforge dot net"
| #define PACKAGE_URL ""
| #define STDC_HEADERS 1
| #define HAVE_SYS_TYPES_H 1
| #define HAVE_SYS_STAT_H 1
| #define HAVE_STDLIB_H 1
| #define HAVE_STRING_H 1
| #define HAVE_MEMORY_H 1
| #define HAVE_STRINGS_H 1
| #define HAVE_INTTYPES_H 1
| #define HAVE_STDINT_H 1
| #define HAVE_UNISTD_H 1
| /* end confdefs.h.  */
| #include <stdio.h>
| #ifdef HAVE_SYS_TYPES_H
| # include <sys/types.h>
| #endif
| #ifdef HAVE_SYS_STAT_H
| # include <sys/stat.h>
| #endif
| #ifdef STDC_HEADERS
| # include <stdlib.h>
| # include <stddef.h>
| #else
| # ifdef HAVE_STDLIB_H
| #  include <stdlib.h>
| # endif
| #endif
| #ifdef HAVE_STRING_H
| # if !defined STDC_HEADERS && defined HAVE_MEMORY_H
| #  include <memory.h>
| # endif
| # include <string.h>
| #endif
| #ifdef HAVE_STRINGS_H
| # include <strings.h>
| #endif
| #ifdef HAVE_INTTYPES_H
| # include <inttypes.h>
| #endif
| #ifdef HAVE_STDINT_H
| # include <stdint.h>
| #endif
| #ifdef HAVE_UNISTD_H
| # include <unistd.h>
| #endif
| #include <minix/config.h>
configure:3984: result: no
configure:3984: checking minix/config.h presence
configure:3984: gcc -E  conftest.c
conftest.c:19:26: error: minix/config.h: No such file or directory
configure:3984: $? = 1
configure: failed program was:
| /* confdefs.h */
| #define PACKAGE_NAME "Check"
| #define PACKAGE_TARNAME "check"
| #define PACKAGE_VERSION "0.9.10"
| #define PACKAGE_STRING "Check 0.9.10"
| #define PACKAGE_BUGREPORT "check-devel at lists dot sourceforge dot net"
| #define PACKAGE_URL ""
| #define STDC_HEADERS 1
| #define HAVE_SYS_TYPES_H 1
| #define HAVE_SYS_STAT_H 1
| #define HAVE_STDLIB_H 1
| #define HAVE_STRING_H 1
| #define HAVE_MEMORY_H 1
| #define HAVE_STRINGS_H 1
| #define HAVE_INTTYPES_H 1
| #define HAVE_STDINT_H 1
| #define HAVE_UNISTD_H 1
| /* end confdefs.h.  */
| #include <minix/config.h>
configure:3984: result: no
configure:3984: checking for minix/config.h
configure:3984: result: no
configure:4005: checking whether it is safe to define __EXTENSIONS__
configure:4023: gcc -c -g -O2  conftest.c >&5
configure:4023: $? = 0
configure:4030: result: yes
configure:4062: checking for a BSD-compatible install
configure:4130: result: /usr/bin/install -c
configure:4141: checking whether build environment is sane
configure:4191: result: yes
configure:4332: checking for a thread-safe mkdir -p
configure:4371: result: build-aux/install-sh -c -d
configure:4384: checking for gawk
configure:4414: result: no
configure:4384: checking for mawk
configure:4414: result: no
configure:4384: checking for nawk
configure:4414: result: no
configure:4384: checking for awk
configure:4400: found /usr/bin/awk
configure:4411: result: awk
configure:4422: checking whether make sets $(MAKE)
configure:4444: result: yes
configure:4474: checking for style of include used by make
configure:4502: result: GNU
configure:4587: checking dependency style of gcc
configure:4697: result: gcc3
configure:4805: checking for gawk
configure:4832: result: awk
configure:4891: checking for gcc
configure:4918: result: gcc
configure:5147: checking for C compiler version
configure:5156: gcc --version >&5
i686-apple-darwin11-llvm-gcc-4.2 (GCC) 4.2.1 (Based on Apple Inc. build 5658) (LLVM build 2336.11.00)
Copyright (C) 2007 Free Software Foundation, Inc.
This is free software; see the source for copying conditions.  There is NO
warranty; not even for MERCHANTABILITY or FITNESS FOR A PARTICULAR PURPOSE.

configure:5167: $? = 0
configure:5156: gcc -v >&5
Using built-in specs.
Target: i686-apple-darwin11
Configured with: /private/var/tmp/llvmgcc42/llvmgcc42-2336.11~182/src/configure --disable-checking --enable-werror --prefix=/Applications/Xcode.app/Contents/Developer/usr/llvm-gcc-4.2 --mandir=/share/man --enable-languages=c,objc,c++,obj-c++ --program-prefix=llvm- --program-transform-name=/^[cg][^.-]*$/s/$/-4.2/ --with-slibdir=/usr/lib --build=i686-apple-darwin11 --enable-llvm=/private/var/tmp/llvmgcc42/llvmgcc42-2336.11~182/dst-llvmCore/Developer/usr/local --program-prefix=i686-apple-darwin11- --host=x86_64-apple-darwin11 --target=i686-apple-darwin11 --with-gxx-include-dir=/usr/include/c++/4.2.1
Thread model: posix
gcc version 4.2.1 (Based on Apple Inc. build 5658) (LLVM build 2336.11.00)
configure:5167: $? = 0
configure:5156: gcc -V >&5
llvm-gcc-4.2: argument to `-V' is missing
configure:5167: $? = 1
configure:5156: gcc -qversion >&5
i686-apple-darwin11-llvm-gcc-4.2: no input files
configure:5167: $? = 1
configure:5171: checking whether we are using the GNU C compiler
configure:5199: result: yes
configure:5208: checking whether gcc accepts -g
configure:5269: result: yes
configure:5286: checking for gcc option to accept ISO C89
configure:5363: result: none needed
configure:5385: checking whether gcc and cc understand -c and -o together
configure:5416: gcc -c conftest.c -o conftest2.o >&5
configure:5420: $? = 0
configure:5426: gcc -c conftest.c -o conftest2.o >&5
configure:5430: $? = 0
configure:5441: cc -c conftest.c >&5
configure:5445: $? = 0
configure:5453: cc -c conftest.c -o conftest2.o >&5
configure:5457: $? = 0
configure:5463: cc -c conftest.c -o conftest2.o >&5
configure:5467: $? = 0
configure:5485: result: yes
configure:5511: checking whether ln -s works
configure:5515: result: yes
configure:5554: checking build system type
configure:5568: result: x86_64-apple-darwin12.4.0
configure:5588: checking host system type
configure:5601: result: x86_64-apple-darwin12.4.0
configure:5621: checking for a sed that does not truncate output
configure:5685: result: /usr/bin/sed
configure:5703: checking for fgrep
configure:5765: result: /usr/bin/grep -F
configure:5800: checking for ld used by gcc
configure:5867: result: /usr/llvm-gcc-4.2/libexec/gcc/i686-apple-darwin11/4.2.1/ld
configure:5874: checking if the linker (/usr/llvm-gcc-4.2/libexec/gcc/i686-apple-darwin11/4.2.1/ld) is GNU ld
configure:5889: result: no
configure:5901: checking for BSD- or MS-compatible name lister (nm)
configure:5950: result: /usr/bin/nm
configure:6068: checking the name lister (/usr/bin/nm) interface
configure:6075: gcc -c -g -O2  conftest.c >&5
configure:6078: /usr/bin/nm "conftest.o"
configure:6081: output
000000000000018c S _some_variable
configure:6088: result: BSD nm
configure:6092: checking the maximum length of command line arguments
configure:6212: result: 196608
configure:6229: checking whether the shell understands some XSI constructs
configure:6239: result: yes
configure:6243: checking whether the shell understands "+="
configure:6249: result: yes
configure:6284: checking for /usr/llvm-gcc-4.2/libexec/gcc/i686-apple-darwin11/4.2.1/ld option to reload object files
configure:6291: result: -r
configure:6360: checking for objdump
configure:6390: result: no
configure:6419: checking how to recognize dependent libraries
configure:6615: result: pass_all
configure:6675: checking for ar
configure:6691: found /usr/bin/ar
configure:6702: result: ar
configure:6780: checking for strip
configure:6796: found /usr/bin/strip
configure:6807: result: strip
configure:6879: checking for ranlib
configure:6895: found /usr/bin/ranlib
configure:6906: result: ranlib
configure:6996: checking command to parse /usr/bin/nm output from gcc object
configure:7114: gcc -c -g -O2  conftest.c >&5
configure:7117: $? = 0
configure:7121: /usr/bin/nm conftest.o \| sed -n -e 's/^.*[	 ]\([BCDEGRST][BCDEGRST]*\)[	 ][	 ]*\([_A-Za-z][_A-Za-z0-9]*\)$/\1 \2 \2/p' \> conftest.nm
configure:7124: $? = 0
cannot find nm_test_var in conftest.nm
configure:7114: gcc -c -g -O2  conftest.c >&5
configure:7117: $? = 0
configure:7121: /usr/bin/nm conftest.o \| sed -n -e 's/^.*[	 ]\([BCDEGRST][BCDEGRST]*\)[	 ][	 ]*_\([_A-Za-z][_A-Za-z0-9]*\)$/\1 _\2 \2/p' \> conftest.nm
configure:7124: $? = 0
configure:7178: gcc -o conftest -g -O2   conftest.c conftstm.o >&5
configure:7181: $? = 0
configure:7219: result: ok
configure:7483: checking for dsymutil
configure:7499: found /usr/bin/dsymutil
configure:7510: result: dsymutil
configure:7575: checking for nmedit
configure:7591: found /usr/bin/nmedit
configure:7602: result: nmedit
configure:7667: checking for lipo
configure:7683: found /usr/bin/lipo
configure:7694: result: lipo
configure:7759: checking for otool
configure:7775: found /usr/bin/otool
configure:7786: result: otool
configure:7851: checking for otool64
configure:7881: result: no
configure:7926: checking for -single_module linker flag
gcc -g -O2  -o libconftest.dylib -dynamiclib -Wl,-single_module conftest.c
configure:7953: result: yes
configure:7955: checking for -exported_symbols_list linker flag
configure:7975: gcc -o conftest -g -O2   -Wl,-exported_symbols_list,conftest.sym conftest.c  >&5
configure:7975: $? = 0
configure:7985: result: yes
configure:8024: checking for dlfcn.h
configure:8024: gcc -c -g -O2  conftest.c >&5
configure:8024: $? = 0
configure:8024: result: yes
configure:8208: checking for objdir
configure:8223: result: .libs
configure:8519: checking if gcc supports -fno-rtti -fno-exceptions
configure:8537: gcc -c -g -O2  -fno-rtti -fno-exceptions conftest.c >&5
cc1: warning: command line option "-fno-rtti" is valid for C++/ObjC++ but not for C
configure:8541: $? = 0
configure:8554: result: no
configure:8574: checking for gcc option to produce PIC
configure:8846: result: -fno-common -DPIC
configure:8858: checking if gcc PIC flag -fno-common -DPIC works
configure:8876: gcc -c -g -O2  -fno-common -DPIC -DPIC conftest.c >&5
configure:8880: $? = 0
configure:8893: result: yes
configure:8917: checking if gcc static flag -static works
configure:8945: result: no
configure:8960: checking if gcc supports -c -o file.o
configure:8981: gcc -c -g -O2  -o out/conftest2.o conftest.c >&5
configure:8985: $? = 0
configure:9007: result: yes
configure:9015: checking if gcc supports -c -o file.o
configure:9062: result: yes
configure:9095: checking whether the gcc linker (/usr/llvm-gcc-4.2/libexec/gcc/i686-apple-darwin11/4.2.1/ld) supports shared libraries
configure:10086: result: yes
configure:10325: checking dynamic linker characteristics
configure:10988: result: darwin12.4.0 dyld
configure:11090: checking how to hardcode library paths into programs
configure:11115: result: immediate
configure:11635: checking whether stripping libraries is possible
configure:11649: result: yes
configure:11675: checking if libtool supports shared libraries
configure:11677: result: yes
configure:11680: checking whether to build shared libraries
configure:11701: result: yes
configure:11704: checking whether to build static libraries
configure:11708: result: yes
configure:11746: checking CFLAGS for maximum ansi warnings
configure:11778: gcc -c -g -O2 -pedantic  -Wall -ansi -pedantic  conftest.c >&5
configure:11778: $? = 0
configure:11792: result: -Wall -ansi -pedantic
configure:11805: : CFLAGS="$CFLAGS $ac_cv_cflags_warn_all_ansi"
configure:11808: $? = 0
configure:11822: checking whether the C compiler accepts the -Wextra flag
configure:11851: gcc -c -g -O2 -Wall -ansi -pedantic -Wextra  conftest.c >&5
configure:11851: $? = 0
configure:11874: result: yes
configure:11896: checking whether the C compiler accepts the -Wstrict-prototypes flag
configure:11925: gcc -c -g -O2 -Wall -ansi -pedantic -Wextra -Wstrict-prototypes  conftest.c >&5
conftest.c:32: warning: function declaration isn't a prototype
configure:11925: $? = 0
configure:11948: result: yes
configure:11970: checking whether the C compiler accepts the -Wmissing-prototypes flag
configure:11999: gcc -c -g -O2 -Wall -ansi -pedantic -Wextra -Wstrict-prototypes -Wmissing-prototypes  conftest.c >&5
conftest.c:32: warning: function declaration isn't a prototype
configure:11999: $? = 0
configure:12022: result: yes
configure:12044: checking whether the C compiler accepts the -Wwrite-strings flag
configure:12073: gcc -c -g -O2 -Wall -ansi -pedantic -Wextra -Wstrict-prototypes -Wmissing-prototypes -Wwrite-strings  conftest.c >&5
conftest.c:32: warning: function declaration isn't a prototype
configure:12073: $? = 0
configure:12096: result: yes
configure:12118: checking whether the C compiler accepts the -Wno-variadic-macros flag
configure:12147: gcc -c -g -O2 -Wall -ansi -pedantic -Wextra -Wstrict-prototypes -Wmissing-prototypes -Wwrite-strings -Wno-variadic-macros  conftest.c >&5
conftest.c:32: warning: function declaration isn't a prototype
configure:12147: $? = 0
configure:12170: result: yes
configure:12190: checking for gcov
configure:12206: found /usr/bin/gcov
configure:12217: result: gcov
configure:12233: checking for lcov
configure:12263: result: no
configure:12276: checking for genhtml
configure:12306: result: no
configure:12319: checking for tex
configure:12335: found /usr/texbin/tex
configure:12346: result: tex
configure:12367: checking for floor in -lm
configure:12392: gcc -o conftest -g -O2 -Wall -ansi -pedantic -Wextra -Wstrict-prototypes -Wmissing-prototypes -Wwrite-strings -Wno-variadic-macros   conftest.c -lm   >&5
conftest.c:35: warning: function declaration isn't a prototype
conftest.c:35: warning: conflicting types for built-in function 'floor'
conftest.c:38: warning: function declaration isn't a prototype
configure:12392: $? = 0
configure:12401: result: yes
configure:12415: checking for clock_gettime, timer_create, timer_settime, timer_delete in -lrt
configure:12440: gcc -o conftest -g -O2 -Wall -ansi -pedantic -Wextra -Wstrict-prototypes -Wmissing-prototypes -Wwrite-strings -Wno-variadic-macros   conftest.c -lrt  -lm  >&5
conftest.c:36: warning: function declaration isn't a prototype
conftest.c:39: warning: function declaration isn't a prototype
conftest.c: In function 'main':
conftest.c:40: warning: left-hand operand of comma expression has no effect
conftest.c:40: warning: left-hand operand of comma expression has no effect
conftest.c:40: warning: left-hand operand of comma expression has no effect
ld: library not found for -lrt
collect2: ld returned 1 exit status
configure:12440: $? = 1
configure: failed program was:
| /* confdefs.h */
| #define PACKAGE_NAME "Check"
| #define PACKAGE_TARNAME "check"
| #define PACKAGE_VERSION "0.9.10"
| #define PACKAGE_STRING "Check 0.9.10"
| #define PACKAGE_BUGREPORT "check-devel at lists dot sourceforge dot net"
| #define PACKAGE_URL ""
| #define STDC_HEADERS 1
| #define HAVE_SYS_TYPES_H 1
| #define HAVE_SYS_STAT_H 1
| #define HAVE_STDLIB_H 1
| #define HAVE_STRING_H 1
| #define HAVE_MEMORY_H 1
| #define HAVE_STRINGS_H 1
| #define HAVE_INTTYPES_H 1
| #define HAVE_STDINT_H 1
| #define HAVE_UNISTD_H 1
| #define __EXTENSIONS__ 1
| #define _ALL_SOURCE 1
| #define _GNU_SOURCE 1
| #define _POSIX_PTHREAD_SEMANTICS 1
| #define _TANDEM_SOURCE 1
| #define PACKAGE "check"
| #define VERSION "0.9.10"
| #define HAVE_DLFCN_H 1
| #define LT_OBJDIR ".libs/"
| #define HAVE_LIBM 1
| /* end confdefs.h.  */
| 
| /* Override any GCC internal prototype to avoid an error.
|    Use char because int might match the return type of a GCC
|    builtin and then its argument prototype would still apply.  */
| #ifdef __cplusplus
| extern "C"
| #endif
| char clock_gettime, timer_create, timer_settime, timer_delete ();
| int
| main ()
| {
| return clock_gettime, timer_create, timer_settime, timer_delete ();
|   ;
|   return 0;
| }
configure:12449: result: no
configure:12463: checking for struct itimerspec.it_interval
configure:12463: gcc -c -g -O2 -Wall -ansi -pedantic -Wextra -Wstrict-prototypes -Wmissing-prototypes -Wwrite-strings -Wno-variadic-macros  conftest.c >&5
conftest.c:33: warning: function declaration isn't a prototype
conftest.c: In function 'main':
conftest.c:34: error: storage size of 'ac_aggr' isn't known
conftest.c:34: warning: unused variable 'ac_aggr'
configure:12463: $? = 1
configure: failed program was:
| /* confdefs.h */
| #define PACKAGE_NAME "Check"
| #define PACKAGE_TARNAME "check"
| #define PACKAGE_VERSION "0.9.10"
| #define PACKAGE_STRING "Check 0.9.10"
| #define PACKAGE_BUGREPORT "check-devel at lists dot sourceforge dot net"
| #define PACKAGE_URL ""
| #define STDC_HEADERS 1
| #define HAVE_SYS_TYPES_H 1
| #define HAVE_SYS_STAT_H 1
| #define HAVE_STDLIB_H 1
| #define HAVE_STRING_H 1
| #define HAVE_MEMORY_H 1
| #define HAVE_STRINGS_H 1
| #define HAVE_INTTYPES_H 1
| #define HAVE_STDINT_H 1
| #define HAVE_UNISTD_H 1
| #define __EXTENSIONS__ 1
| #define _ALL_SOURCE 1
| #define _GNU_SOURCE 1
| #define _POSIX_PTHREAD_SEMANTICS 1
| #define _TANDEM_SOURCE 1
| #define PACKAGE "check"
| #define VERSION "0.9.10"
| #define HAVE_DLFCN_H 1
| #define LT_OBJDIR ".libs/"
| #define HAVE_LIBM 1
| /* end confdefs.h.  */
| #include <time.h>
| 
| int
| main ()
| {
| static struct itimerspec ac_aggr;
| if (ac_aggr.it_interval)
| return 0;
|   ;
|   return 0;
| }
configure:12463: gcc -c -g -O2 -Wall -ansi -pedantic -Wextra -Wstrict-prototypes -Wmissing-prototypes -Wwrite-strings -Wno-variadic-macros  conftest.c >&5
conftest.c:33: warning: function declaration isn't a prototype
conftest.c: In function 'main':
conftest.c:34: error: storage size of 'ac_aggr' isn't known
conftest.c:34: warning: unused variable 'ac_aggr'
configure:12463: $? = 1
configure: failed program was:
| /* confdefs.h */
| #define PACKAGE_NAME "Check"
| #define PACKAGE_TARNAME "check"
| #define PACKAGE_VERSION "0.9.10"
| #define PACKAGE_STRING "Check 0.9.10"
| #define PACKAGE_BUGREPORT "check-devel at lists dot sourceforge dot net"
| #define PACKAGE_URL ""
| #define STDC_HEADERS 1
| #define HAVE_SYS_TYPES_H 1
| #define HAVE_SYS_STAT_H 1
| #define HAVE_STDLIB_H 1
| #define HAVE_STRING_H 1
| #define HAVE_MEMORY_H 1
| #define HAVE_STRINGS_H 1
| #define HAVE_INTTYPES_H 1
| #define HAVE_STDINT_H 1
| #define HAVE_UNISTD_H 1
| #define __EXTENSIONS__ 1
| #define _ALL_SOURCE 1
| #define _GNU_SOURCE 1
| #define _POSIX_PTHREAD_SEMANTICS 1
| #define _TANDEM_SOURCE 1
| #define PACKAGE "check"
| #define VERSION "0.9.10"
| #define HAVE_DLFCN_H 1
| #define LT_OBJDIR ".libs/"
| #define HAVE_LIBM 1
| /* end confdefs.h.  */
| #include <time.h>
| 
| int
| main ()
| {
| static struct itimerspec ac_aggr;
| if (sizeof ac_aggr.it_interval)
| return 0;
|   ;
|   return 0;
| }
configure:12463: result: no
configure:12479: checking for struct itimerspec.it_value
configure:12479: gcc -c -g -O2 -Wall -ansi -pedantic -Wextra -Wstrict-prototypes -Wmissing-prototypes -Wwrite-strings -Wno-variadic-macros  conftest.c >&5
conftest.c:34: warning: function declaration isn't a prototype
conftest.c: In function 'main':
conftest.c:35: error: storage size of 'ac_aggr' isn't known
conftest.c:35: warning: unused variable 'ac_aggr'
configure:12479: $? = 1
configure: failed program was:
| /* confdefs.h */
| #define PACKAGE_NAME "Check"
| #define PACKAGE_TARNAME "check"
| #define PACKAGE_VERSION "0.9.10"
| #define PACKAGE_STRING "Check 0.9.10"
| #define PACKAGE_BUGREPORT "check-devel at lists dot sourceforge dot net"
| #define PACKAGE_URL ""
| #define STDC_HEADERS 1
| #define HAVE_SYS_TYPES_H 1
| #define HAVE_SYS_STAT_H 1
| #define HAVE_STDLIB_H 1
| #define HAVE_STRING_H 1
| #define HAVE_MEMORY_H 1
| #define HAVE_STRINGS_H 1
| #define HAVE_INTTYPES_H 1
| #define HAVE_STDINT_H 1
| #define HAVE_UNISTD_H 1
| #define __EXTENSIONS__ 1
| #define _ALL_SOURCE 1
| #define _GNU_SOURCE 1
| #define _POSIX_PTHREAD_SEMANTICS 1
| #define _TANDEM_SOURCE 1
| #define PACKAGE "check"
| #define VERSION "0.9.10"
| #define HAVE_DLFCN_H 1
| #define LT_OBJDIR ".libs/"
| #define HAVE_LIBM 1
| #define STRUCT_ITIMERSPEC_DEFINITION_MISSING 1
| /* end confdefs.h.  */
| #include <time.h>
| 
| int
| main ()
| {
| static struct itimerspec ac_aggr;
| if (ac_aggr.it_value)
| return 0;
|   ;
|   return 0;
| }
configure:12479: gcc -c -g -O2 -Wall -ansi -pedantic -Wextra -Wstrict-prototypes -Wmissing-prototypes -Wwrite-strings -Wno-variadic-macros  conftest.c >&5
conftest.c:34: warning: function declaration isn't a prototype
conftest.c: In function 'main':
conftest.c:35: error: storage size of 'ac_aggr' isn't known
conftest.c:35: warning: unused variable 'ac_aggr'
configure:12479: $? = 1
configure: failed program was:
| /* confdefs.h */
| #define PACKAGE_NAME "Check"
| #define PACKAGE_TARNAME "check"
| #define PACKAGE_VERSION "0.9.10"
| #define PACKAGE_STRING "Check 0.9.10"
| #define PACKAGE_BUGREPORT "check-devel at lists dot sourceforge dot net"
| #define PACKAGE_URL ""
| #define STDC_HEADERS 1
| #define HAVE_SYS_TYPES_H 1
| #define HAVE_SYS_STAT_H 1
| #define HAVE_STDLIB_H 1
| #define HAVE_STRING_H 1
| #define HAVE_MEMORY_H 1
| #define HAVE_STRINGS_H 1
| #define HAVE_INTTYPES_H 1
| #define HAVE_STDINT_H 1
| #define HAVE_UNISTD_H 1
| #define __EXTENSIONS__ 1
| #define _ALL_SOURCE 1
| #define _GNU_SOURCE 1
| #define _POSIX_PTHREAD_SEMANTICS 1
| #define _TANDEM_SOURCE 1
| #define PACKAGE "check"
| #define VERSION "0.9.10"
| #define HAVE_DLFCN_H 1
| #define LT_OBJDIR ".libs/"
| #define HAVE_LIBM 1
| #define STRUCT_ITIMERSPEC_DEFINITION_MISSING 1
| /* end confdefs.h.  */
| #include <time.h>
| 
| int
| main ()
| {
| static struct itimerspec ac_aggr;
| if (sizeof ac_aggr.it_value)
| return 0;
|   ;
|   return 0;
| }
configure:12479: result: no
configure:12498: checking for ANSI C header files
configure:12602: result: yes
configure:12610: checking for sys/wait.h that is POSIX.1 compatible
configure:12636: gcc -c -g -O2 -Wall -ansi -pedantic -Wextra -Wstrict-prototypes -Wmissing-prototypes -Wwrite-strings -Wno-variadic-macros  conftest.c >&5
conftest.c:43: warning: function declaration isn't a prototype
configure:12636: $? = 0
configure:12643: result: yes
configure:12654: checking fcntl.h usability
configure:12654: gcc -c -g -O2 -Wall -ansi -pedantic -Wextra -Wstrict-prototypes -Wmissing-prototypes -Wwrite-strings -Wno-variadic-macros  conftest.c >&5
configure:12654: $? = 0
configure:12654: result: yes
configure:12654: checking fcntl.h presence
configure:12654: gcc -E  conftest.c
configure:12654: $? = 0
configure:12654: result: yes
configure:12654: checking for fcntl.h
configure:12654: result: yes
configure:12654: checking stddef.h usability
configure:12654: gcc -c -g -O2 -Wall -ansi -pedantic -Wextra -Wstrict-prototypes -Wmissing-prototypes -Wwrite-strings -Wno-variadic-macros  conftest.c >&5
configure:12654: $? = 0
configure:12654: result: yes
configure:12654: checking stddef.h presence
configure:12654: gcc -E  conftest.c
configure:12654: $? = 0
configure:12654: result: yes
configure:12654: checking for stddef.h
configure:12654: result: yes
configure:12654: checking for stdlib.h
configure:12654: result: yes
configure:12654: checking for string.h
configure:12654: result: yes
configure:12654: checking sys/time.h usability
configure:12654: gcc -c -g -O2 -Wall -ansi -pedantic -Wextra -Wstrict-prototypes -Wmissing-prototypes -Wwrite-strings -Wno-variadic-macros  conftest.c >&5
configure:12654: $? = 0
configure:12654: result: yes
configure:12654: checking sys/time.h presence
configure:12654: gcc -E  conftest.c
configure:12654: $? = 0
configure:12654: result: yes
configure:12654: checking for sys/time.h
configure:12654: result: yes
configure:12654: checking for unistd.h
configure:12654: result: yes
configure:12665: checking for stdint types
configure:12688: gcc -c   conftest.c >&5
configure:12688: $? = 0
configure:12732: result: stdint.h (shortcircuit)
configure:13119: result: make use of stdint.h in check_stdint.h (assuming C99 compatible system)
configure:13180: checking for pkg-config
configure:13198: found /usr/local/bin/pkg-config
configure:13210: result: /usr/local/bin/pkg-config
configure:13235: checking pkg-config is at least version 0.9.0
configure:13238: result: yes
configure:13249: $PKG_CONFIG --exists --print-errors "libsubunit"
Package libsubunit was not found in the pkg-config search path.
Perhaps you should add the directory containing `libsubunit.pc'
to the PKG_CONFIG_PATH environment variable
No package 'libsubunit' found
configure:13252: $? = 1
configure:13379: checking for an ANSI C-conforming const
configure:13444: gcc -c -g -O2 -Wall -ansi -pedantic -Wextra -Wstrict-prototypes -Wmissing-prototypes -Wwrite-strings -Wno-variadic-macros  conftest.c >&5
conftest.c:43: warning: function declaration isn't a prototype
configure:13444: $? = 0
configure:13451: result: yes
configure:13459: checking for pid_t
configure:13459: gcc -c -g -O2 -Wall -ansi -pedantic -Wextra -Wstrict-prototypes -Wmissing-prototypes -Wwrite-strings -Wno-variadic-macros  conftest.c >&5
conftest.c:75: warning: function declaration isn't a prototype
configure:13459: $? = 0
configure:13459: gcc -c -g -O2 -Wall -ansi -pedantic -Wextra -Wstrict-prototypes -Wmissing-prototypes -Wwrite-strings -Wno-variadic-macros  conftest.c >&5
conftest.c:75: warning: function declaration isn't a prototype
conftest.c: In function 'main':
conftest.c:76: error: expected expression before ')' token
configure:13459: $? = 1
configure: failed program was:
| /* confdefs.h */
| #define PACKAGE_NAME "Check"
| #define PACKAGE_TARNAME "check"
| #define PACKAGE_VERSION "0.9.10"
| #define PACKAGE_STRING "Check 0.9.10"
| #define PACKAGE_BUGREPORT "check-devel at lists dot sourceforge dot net"
| #define PACKAGE_URL ""
| #define STDC_HEADERS 1
| #define HAVE_SYS_TYPES_H 1
| #define HAVE_SYS_STAT_H 1
| #define HAVE_STDLIB_H 1
| #define HAVE_STRING_H 1
| #define HAVE_MEMORY_H 1
| #define HAVE_STRINGS_H 1
| #define HAVE_INTTYPES_H 1
| #define HAVE_STDINT_H 1
| #define HAVE_UNISTD_H 1
| #define __EXTENSIONS__ 1
| #define _ALL_SOURCE 1
| #define _GNU_SOURCE 1
| #define _POSIX_PTHREAD_SEMANTICS 1
| #define _TANDEM_SOURCE 1
| #define PACKAGE "check"
| #define VERSION "0.9.10"
| #define HAVE_DLFCN_H 1
| #define LT_OBJDIR ".libs/"
| #define HAVE_LIBM 1
| #define STRUCT_ITIMERSPEC_DEFINITION_MISSING 1
| #define STRUCT_ITIMERSPEC_DEFINITION_MISSING 1
| #define STDC_HEADERS 1
| #define HAVE_SYS_WAIT_H 1
| #define HAVE_FCNTL_H 1
| #define HAVE_STDDEF_H 1
| #define HAVE_STDLIB_H 1
| #define HAVE_STRING_H 1
| #define HAVE_SYS_TIME_H 1
| #define HAVE_UNISTD_H 1
| #define ENABLE_SUBUNIT 0
| /* end confdefs.h.  */
| #include <stdio.h>
| #ifdef HAVE_SYS_TYPES_H
| # include <sys/types.h>
| #endif
| #ifdef HAVE_SYS_STAT_H
| # include <sys/stat.h>
| #endif
| #ifdef STDC_HEADERS
| # include <stdlib.h>
| # include <stddef.h>
| #else
| # ifdef HAVE_STDLIB_H
| #  include <stdlib.h>
| # endif
| #endif
| #ifdef HAVE_STRING_H
| # if !defined STDC_HEADERS && defined HAVE_MEMORY_H
| #  include <memory.h>
| # endif
| # include <string.h>
| #endif
| #ifdef HAVE_STRINGS_H
| # include <strings.h>
| #endif
| #ifdef HAVE_INTTYPES_H
| # include <inttypes.h>
| #endif
| #ifdef HAVE_STDINT_H
| # include <stdint.h>
| #endif
| #ifdef HAVE_UNISTD_H
| # include <unistd.h>
| #endif
| int
| main ()
| {
| if (sizeof ((pid_t)))
| 	    return 0;
|   ;
|   return 0;
| }
configure:13459: result: yes
configure:13470: checking for size_t
configure:13470: gcc -c -g -O2 -Wall -ansi -pedantic -Wextra -Wstrict-prototypes -Wmissing-prototypes -Wwrite-strings -Wno-variadic-macros  conftest.c >&5
conftest.c:75: warning: function declaration isn't a prototype
configure:13470: $? = 0
configure:13470: gcc -c -g -O2 -Wall -ansi -pedantic -Wextra -Wstrict-prototypes -Wmissing-prototypes -Wwrite-strings -Wno-variadic-macros  conftest.c >&5
conftest.c:75: warning: function declaration isn't a prototype
conftest.c: In function 'main':
conftest.c:76: error: expected expression before ')' token
configure:13470: $? = 1
configure: failed program was:
| /* confdefs.h */
| #define PACKAGE_NAME "Check"
| #define PACKAGE_TARNAME "check"
| #define PACKAGE_VERSION "0.9.10"
| #define PACKAGE_STRING "Check 0.9.10"
| #define PACKAGE_BUGREPORT "check-devel at lists dot sourceforge dot net"
| #define PACKAGE_URL ""
| #define STDC_HEADERS 1
| #define HAVE_SYS_TYPES_H 1
| #define HAVE_SYS_STAT_H 1
| #define HAVE_STDLIB_H 1
| #define HAVE_STRING_H 1
| #define HAVE_MEMORY_H 1
| #define HAVE_STRINGS_H 1
| #define HAVE_INTTYPES_H 1
| #define HAVE_STDINT_H 1
| #define HAVE_UNISTD_H 1
| #define __EXTENSIONS__ 1
| #define _ALL_SOURCE 1
| #define _GNU_SOURCE 1
| #define _POSIX_PTHREAD_SEMANTICS 1
| #define _TANDEM_SOURCE 1
| #define PACKAGE "check"
| #define VERSION "0.9.10"
| #define HAVE_DLFCN_H 1
| #define LT_OBJDIR ".libs/"
| #define HAVE_LIBM 1
| #define STRUCT_ITIMERSPEC_DEFINITION_MISSING 1
| #define STRUCT_ITIMERSPEC_DEFINITION_MISSING 1
| #define STDC_HEADERS 1
| #define HAVE_SYS_WAIT_H 1
| #define HAVE_FCNTL_H 1
| #define HAVE_STDDEF_H 1
| #define HAVE_STDLIB_H 1
| #define HAVE_STRING_H 1
| #define HAVE_SYS_TIME_H 1
| #define HAVE_UNISTD_H 1
| #define ENABLE_SUBUNIT 0
| /* end confdefs.h.  */
| #include <stdio.h>
| #ifdef HAVE_SYS_TYPES_H
| # include <sys/types.h>
| #endif
| #ifdef HAVE_SYS_STAT_H
| # include <sys/stat.h>
| #endif
| #ifdef STDC_HEADERS
| # include <stdlib.h>
| # include <stddef.h>
| #else
| # ifdef HAVE_STDLIB_H
| #  include <stdlib.h>
| # endif
| #endif
| #ifdef HAVE_STRING_H
| # if !defined STDC_HEADERS && defined HAVE_MEMORY_H
| #  include <memory.h>
| # endif
| # include <string.h>
| #endif
| #ifdef HAVE_STRINGS_H
| # include <strings.h>
| #endif
| #ifdef HAVE_INTTYPES_H
| # include <inttypes.h>
| #endif
| #ifdef HAVE_STDINT_H
| # include <stdint.h>
| #endif
| #ifdef HAVE_UNISTD_H
| # include <unistd.h>
| #endif
| int
| main ()
| {
| if (sizeof ((size_t)))
| 	    return 0;
|   ;
|   return 0;
| }
configure:13470: result: yes
configure:13482: checking for long long int
configure:13519: gcc -o conftest -g -O2 -Wall -ansi -pedantic -Wextra -Wstrict-prototypes -Wmissing-prototypes -Wwrite-strings -Wno-variadic-macros   conftest.c -lm  >&5
conftest.c:46: warning: ISO C90 does not support 'long long'
conftest.c:46:26: warning: use of C99 long long integer constant
conftest.c:47: warning: ISO C90 does not support 'long long'
conftest.c:47:28: warning: use of C99 long long integer constant
conftest.c:48: warning: ISO C90 does not support 'long long'
conftest.c:48:36: warning: use of C99 long long integer constant
conftest.c:50:24: warning: use of C99 long long integer constant
conftest.c:50:57: warning: use of C99 long long integer constant
conftest.c:52:22: warning: use of C99 long long integer constant
conftest.c:52: warning: ISO C90 does not support 'long long'
conftest.c:57: warning: function declaration isn't a prototype
conftest.c: In function 'main':
conftest.c:59: warning: ISO C90 does not support 'long long'
conftest.c:59:29: warning: use of C99 long long integer constant
conftest.c:60: warning: ISO C90 does not support 'long long'
conftest.c:60:39: warning: use of C99 long long integer constant
configure:13519: $? = 0
configure:13549: gcc -o conftest -g -O2 -Wall -ansi -pedantic -Wextra -Wstrict-prototypes -Wmissing-prototypes -Wwrite-strings -Wno-variadic-macros   conftest.c -lm  >&5
conftest.c:47: warning: function declaration isn't a prototype
conftest.c: In function 'main':
conftest.c:48: warning: ISO C90 does not support 'long long'
conftest.c:52: warning: ISO C90 does not support 'long long'
conftest.c:55:24: warning: use of C99 long long integer constant
configure:13549: $? = 0
configure:13549: ./conftest
configure:13549: $? = 0
configure:13564: result: yes
configure:13574: checking for intmax_t
configure:13574: gcc -c -g -O2 -Wall -ansi -pedantic -Wextra -Wstrict-prototypes -Wmissing-prototypes -Wwrite-strings -Wno-variadic-macros  conftest.c >&5
conftest.c:76: warning: function declaration isn't a prototype
configure:13574: $? = 0
configure:13574: gcc -c -g -O2 -Wall -ansi -pedantic -Wextra -Wstrict-prototypes -Wmissing-prototypes -Wwrite-strings -Wno-variadic-macros  conftest.c >&5
conftest.c:76: warning: function declaration isn't a prototype
conftest.c: In function 'main':
conftest.c:77: error: expected expression before ')' token
configure:13574: $? = 1
configure: failed program was:
| /* confdefs.h */
| #define PACKAGE_NAME "Check"
| #define PACKAGE_TARNAME "check"
| #define PACKAGE_VERSION "0.9.10"
| #define PACKAGE_STRING "Check 0.9.10"
| #define PACKAGE_BUGREPORT "check-devel at lists dot sourceforge dot net"
| #define PACKAGE_URL ""
| #define STDC_HEADERS 1
| #define HAVE_SYS_TYPES_H 1
| #define HAVE_SYS_STAT_H 1
| #define HAVE_STDLIB_H 1
| #define HAVE_STRING_H 1
| #define HAVE_MEMORY_H 1
| #define HAVE_STRINGS_H 1
| #define HAVE_INTTYPES_H 1
| #define HAVE_STDINT_H 1
| #define HAVE_UNISTD_H 1
| #define __EXTENSIONS__ 1
| #define _ALL_SOURCE 1
| #define _GNU_SOURCE 1
| #define _POSIX_PTHREAD_SEMANTICS 1
| #define _TANDEM_SOURCE 1
| #define PACKAGE "check"
| #define VERSION "0.9.10"
| #define HAVE_DLFCN_H 1
| #define LT_OBJDIR ".libs/"
| #define HAVE_LIBM 1
| #define STRUCT_ITIMERSPEC_DEFINITION_MISSING 1
| #define STRUCT_ITIMERSPEC_DEFINITION_MISSING 1
| #define STDC_HEADERS 1
| #define HAVE_SYS_WAIT_H 1
| #define HAVE_FCNTL_H 1
| #define HAVE_STDDEF_H 1
| #define HAVE_STDLIB_H 1
| #define HAVE_STRING_H 1
| #define HAVE_SYS_TIME_H 1
| #define HAVE_UNISTD_H 1
| #define ENABLE_SUBUNIT 0
| #define HAVE_LONG_LONG_INT 1
| /* end confdefs.h.  */
| #include <stdio.h>
| #ifdef HAVE_SYS_TYPES_H
| # include <sys/types.h>
| #endif
| #ifdef HAVE_SYS_STAT_H
| # include <sys/stat.h>
| #endif
| #ifdef STDC_HEADERS
| # include <stdlib.h>
| # include <stddef.h>
| #else
| # ifdef HAVE_STDLIB_H
| #  include <stdlib.h>
| # endif
| #endif
| #ifdef HAVE_STRING_H
| # if !defined STDC_HEADERS && defined HAVE_MEMORY_H
| #  include <memory.h>
| # endif
| # include <string.h>
| #endif
| #ifdef HAVE_STRINGS_H
| # include <strings.h>
| #endif
| #ifdef HAVE_INTTYPES_H
| # include <inttypes.h>
| #endif
| #ifdef HAVE_STDINT_H
| # include <stdint.h>
| #endif
| #ifdef HAVE_UNISTD_H
| # include <unistd.h>
| #endif
| int
| main ()
| {
| if (sizeof ((intmax_t)))
| 	    return 0;
|   ;
|   return 0;
| }
configure:13574: result: yes
configure:13592: checking for unsigned long long int
configure:13629: gcc -o conftest -g -O2 -Wall -ansi -pedantic -Wextra -Wstrict-prototypes -Wmissing-prototypes -Wwrite-strings -Wno-variadic-macros   conftest.c -lm  >&5
conftest.c:48: warning: ISO C90 does not support 'long long'
conftest.c:48:26: warning: use of C99 long long integer constant
conftest.c:49: warning: ISO C90 does not support 'long long'
conftest.c:49:28: warning: use of C99 long long integer constant
conftest.c:50: warning: ISO C90 does not support 'long long'
conftest.c:50:36: warning: use of C99 long long integer constant
conftest.c:52:24: warning: use of C99 long long integer constant
conftest.c:52:57: warning: use of C99 long long integer constant
conftest.c:54:22: warning: use of C99 long long integer constant
conftest.c:54: warning: ISO C90 does not support 'long long'
conftest.c:59: warning: function declaration isn't a prototype
conftest.c: In function 'main':
conftest.c:61: warning: ISO C90 does not support 'long long'
conftest.c:61:29: warning: use of C99 long long integer constant
conftest.c:62: warning: ISO C90 does not support 'long long'
conftest.c:62:39: warning: use of C99 long long integer constant
configure:13629: $? = 0
configure:13637: result: yes
configure:13647: checking for uintmax_t
configure:13647: gcc -c -g -O2 -Wall -ansi -pedantic -Wextra -Wstrict-prototypes -Wmissing-prototypes -Wwrite-strings -Wno-variadic-macros  conftest.c >&5
conftest.c:78: warning: function declaration isn't a prototype
configure:13647: $? = 0
configure:13647: gcc -c -g -O2 -Wall -ansi -pedantic -Wextra -Wstrict-prototypes -Wmissing-prototypes -Wwrite-strings -Wno-variadic-macros  conftest.c >&5
conftest.c:78: warning: function declaration isn't a prototype
conftest.c: In function 'main':
conftest.c:79: error: expected expression before ')' token
configure:13647: $? = 1
configure: failed program was:
| /* confdefs.h */
| #define PACKAGE_NAME "Check"
| #define PACKAGE_TARNAME "check"
| #define PACKAGE_VERSION "0.9.10"
| #define PACKAGE_STRING "Check 0.9.10"
| #define PACKAGE_BUGREPORT "check-devel at lists dot sourceforge dot net"
| #define PACKAGE_URL ""
| #define STDC_HEADERS 1
| #define HAVE_SYS_TYPES_H 1
| #define HAVE_SYS_STAT_H 1
| #define HAVE_STDLIB_H 1
| #define HAVE_STRING_H 1
| #define HAVE_MEMORY_H 1
| #define HAVE_STRINGS_H 1
| #define HAVE_INTTYPES_H 1
| #define HAVE_STDINT_H 1
| #define HAVE_UNISTD_H 1
| #define __EXTENSIONS__ 1
| #define _ALL_SOURCE 1
| #define _GNU_SOURCE 1
| #define _POSIX_PTHREAD_SEMANTICS 1
| #define _TANDEM_SOURCE 1
| #define PACKAGE "check"
| #define VERSION "0.9.10"
| #define HAVE_DLFCN_H 1
| #define LT_OBJDIR ".libs/"
| #define HAVE_LIBM 1
| #define STRUCT_ITIMERSPEC_DEFINITION_MISSING 1
| #define STRUCT_ITIMERSPEC_DEFINITION_MISSING 1
| #define STDC_HEADERS 1
| #define HAVE_SYS_WAIT_H 1
| #define HAVE_FCNTL_H 1
| #define HAVE_STDDEF_H 1
| #define HAVE_STDLIB_H 1
| #define HAVE_STRING_H 1
| #define HAVE_SYS_TIME_H 1
| #define HAVE_UNISTD_H 1
| #define ENABLE_SUBUNIT 0
| #define HAVE_LONG_LONG_INT 1
| #define HAVE_INTMAX_T 1
| #define HAVE_UNSIGNED_LONG_LONG_INT 1
| /* end confdefs.h.  */
| #include <stdio.h>
| #ifdef HAVE_SYS_TYPES_H
| # include <sys/types.h>
| #endif
| #ifdef HAVE_SYS_STAT_H
| # include <sys/stat.h>
| #endif
| #ifdef STDC_HEADERS
| # include <stdlib.h>
| # include <stddef.h>
| #else
| # ifdef HAVE_STDLIB_H
| #  include <stdlib.h>
| # endif
| #endif
| #ifdef HAVE_STRING_H
| # if !defined STDC_HEADERS && defined HAVE_MEMORY_H
| #  include <memory.h>
| # endif
| # include <string.h>
| #endif
| #ifdef HAVE_STRINGS_H
| # include <strings.h>
| #endif
| #ifdef HAVE_INTTYPES_H
| # include <inttypes.h>
| #endif
| #ifdef HAVE_STDINT_H
| # include <stdint.h>
| #endif
| #ifdef HAVE_UNISTD_H
| # include <unistd.h>
| #endif
| int
| main ()
| {
| if (sizeof ((uintmax_t)))
| 	    return 0;
|   ;
|   return 0;
| }
configure:13647: result: yes
configure:13664: checking for uint32_t
configure:13664: gcc -c -g -O2 -Wall -ansi -pedantic -Wextra -Wstrict-prototypes -Wmissing-prototypes -Wwrite-strings -Wno-variadic-macros  conftest.c >&5
conftest.c:79: warning: function declaration isn't a prototype
configure:13664: $? = 0
configure:13664: result: yes
configure:13678: checking whether time.h and sys/time.h may both be included
configure:13698: gcc -c -g -O2 -Wall -ansi -pedantic -Wextra -Wstrict-prototypes -Wmissing-prototypes -Wwrite-strings -Wno-variadic-macros  conftest.c >&5
conftest.c:50: warning: function declaration isn't a prototype
configure:13698: $? = 0
configure:13705: result: yes
configure:13713: checking whether struct tm is in sys/time.h or time.h
configure:13733: gcc -c -g -O2 -Wall -ansi -pedantic -Wextra -Wstrict-prototypes -Wmissing-prototypes -Wwrite-strings -Wno-variadic-macros  conftest.c >&5
conftest.c:50: warning: function declaration isn't a prototype
configure:13733: $? = 0
configure:13740: result: time.h
configure:13753: checking size of int
configure:13758: gcc -o conftest -g -O2 -Wall -ansi -pedantic -Wextra -Wstrict-prototypes -Wmissing-prototypes -Wwrite-strings -Wno-variadic-macros   conftest.c -lm  >&5
conftest.c:78: warning: function declaration isn't a prototype
conftest.c:79: warning: function declaration isn't a prototype
conftest.c:84: warning: function declaration isn't a prototype
configure:13758: $? = 0
configure:13758: ./conftest
configure:13758: $? = 0
configure:13772: result: 4
configure:13786: checking size of short
configure:13791: gcc -o conftest -g -O2 -Wall -ansi -pedantic -Wextra -Wstrict-prototypes -Wmissing-prototypes -Wwrite-strings -Wno-variadic-macros   conftest.c -lm  >&5
conftest.c:79: warning: function declaration isn't a prototype
conftest.c:80: warning: function declaration isn't a prototype
conftest.c:85: warning: function declaration isn't a prototype
configure:13791: $? = 0
configure:13791: ./conftest
configure:13791: $? = 0
configure:13805: result: 2
configure:13819: checking size of long
configure:13824: gcc -o conftest -g -O2 -Wall -ansi -pedantic -Wextra -Wstrict-prototypes -Wmissing-prototypes -Wwrite-strings -Wno-variadic-macros   conftest.c -lm  >&5
conftest.c:80: warning: function declaration isn't a prototype
conftest.c:81: warning: function declaration isn't a prototype
conftest.c:86: warning: function declaration isn't a prototype
configure:13824: $? = 0
configure:13824: ./conftest
configure:13824: $? = 0
configure:13838: result: 8
configure:13852: checking for stdlib.h
configure:13852: result: yes
configure:13862: checking for GNU libc compatible malloc
configure:13886: gcc -o conftest -g -O2 -Wall -ansi -pedantic -Wextra -Wstrict-prototypes -Wmissing-prototypes -Wwrite-strings -Wno-variadic-macros   conftest.c -lm  >&5
conftest.c:57: warning: function declaration isn't a prototype
configure:13886: $? = 0
configure:13886: ./conftest
configure:13886: $? = 0
configure:13896: result: yes
configure:13919: checking for stdlib.h
configure:13919: result: yes
configure:13929: checking for GNU libc compatible realloc
configure:13953: gcc -o conftest -g -O2 -Wall -ansi -pedantic -Wextra -Wstrict-prototypes -Wmissing-prototypes -Wwrite-strings -Wno-variadic-macros   conftest.c -lm  >&5
conftest.c:59: warning: function declaration isn't a prototype
configure:13953: $? = 0
configure:13953: ./conftest
configure:13953: $? = 0
configure:13963: result: yes
configure:13984: checking for clock_gettime
configure:13984: gcc -o conftest -g -O2 -Wall -ansi -pedantic -Wextra -Wstrict-prototypes -Wmissing-prototypes -Wwrite-strings -Wno-variadic-macros   conftest.c -lm  >&5
conftest.c:75: warning: function declaration isn't a prototype
conftest.c:85: warning: function declaration isn't a prototype
Undefined symbols for architecture x86_64:
  "_clock_gettime", referenced from:
      _main in ccFA8pzV.o
ld: symbol(s) not found for architecture x86_64
collect2: ld returned 1 exit status
configure:13984: $? = 1
configure: failed program was:
| /* confdefs.h */
| #define PACKAGE_NAME "Check"
| #define PACKAGE_TARNAME "check"
| #define PACKAGE_VERSION "0.9.10"
| #define PACKAGE_STRING "Check 0.9.10"
| #define PACKAGE_BUGREPORT "check-devel at lists dot sourceforge dot net"
| #define PACKAGE_URL ""
| #define STDC_HEADERS 1
| #define HAVE_SYS_TYPES_H 1
| #define HAVE_SYS_STAT_H 1
| #define HAVE_STDLIB_H 1
| #define HAVE_STRING_H 1
| #define HAVE_MEMORY_H 1
| #define HAVE_STRINGS_H 1
| #define HAVE_INTTYPES_H 1
| #define HAVE_STDINT_H 1
| #define HAVE_UNISTD_H 1
| #define __EXTENSIONS__ 1
| #define _ALL_SOURCE 1
| #define _GNU_SOURCE 1
| #define _POSIX_PTHREAD_SEMANTICS 1
| #define _TANDEM_SOURCE 1
| #define PACKAGE "check"
| #define VERSION "0.9.10"
| #define HAVE_DLFCN_H 1
| #define LT_OBJDIR ".libs/"
| #define HAVE_LIBM 1
| #define STRUCT_ITIMERSPEC_DEFINITION_MISSING 1
| #define STRUCT_ITIMERSPEC_DEFINITION_MISSING 1
| #define STDC_HEADERS 1
| #define HAVE_SYS_WAIT_H 1
| #define HAVE_FCNTL_H 1
| #define HAVE_STDDEF_H 1
| #define HAVE_STDLIB_H 1
| #define HAVE_STRING_H 1
| #define HAVE_SYS_TIME_H 1
| #define HAVE_UNISTD_H 1
| #define ENABLE_SUBUNIT 0
| #define HAVE_LONG_LONG_INT 1
| #define HAVE_INTMAX_T 1
| #define HAVE_UNSIGNED_LONG_LONG_INT 1
| #define HAVE_UINTMAX_T 1
| #define TIME_WITH_SYS_TIME 1
| #define SIZEOF_INT 4
| #define SIZEOF_SHORT 2
| #define SIZEOF_LONG 8
| #define HAVE_STDLIB_H 1
| #define HAVE_MALLOC 1
| #define HAVE_STDLIB_H 1
| #define HAVE_REALLOC 1
| /* end confdefs.h.  */
| /* Define clock_gettime to an innocuous variant, in case <limits.h> declares clock_gettime.
|    For example, HP-UX 11i <limits.h> declares gettimeofday.  */
| #define clock_gettime innocuous_clock_gettime
| 
| /* System header to define __stub macros and hopefully few prototypes,
|     which can conflict with char clock_gettime (); below.
|     Prefer <limits.h> to <assert.h> if __STDC__ is defined, since
|     <limits.h> exists even on freestanding compilers.  */
| 
| #ifdef __STDC__
| # include <limits.h>
| #else
| # include <assert.h>
| #endif
| 
| #undef clock_gettime
| 
| /* Override any GCC internal prototype to avoid an error.
|    Use char because int might match the return type of a GCC
|    builtin and then its argument prototype would still apply.  */
| #ifdef __cplusplus
| extern "C"
| #endif
| char clock_gettime ();
| /* The GNU C library defines this for functions which it implements
|     to always fail with ENOSYS.  Some functions are actually named
|     something starting with __ and the normal name is an alias.  */
| #if defined __stub_clock_gettime || defined __stub___clock_gettime
| choke me
| #endif
| 
| int
| main ()
| {
| return clock_gettime ();
|   ;
|   return 0;
| }
configure:13984: result: no
configure:13997: checking for timer_create
configure:13997: gcc -o conftest -g -O2 -Wall -ansi -pedantic -Wextra -Wstrict-prototypes -Wmissing-prototypes -Wwrite-strings -Wno-variadic-macros   conftest.c -lm  >&5
conftest.c:75: warning: function declaration isn't a prototype
conftest.c:85: warning: function declaration isn't a prototype
Undefined symbols for architecture x86_64:
  "_timer_create", referenced from:
      _main in ccLLAsi4.o
ld: symbol(s) not found for architecture x86_64
collect2: ld returned 1 exit status
configure:13997: $? = 1
configure: failed program was:
| /* confdefs.h */
| #define PACKAGE_NAME "Check"
| #define PACKAGE_TARNAME "check"
| #define PACKAGE_VERSION "0.9.10"
| #define PACKAGE_STRING "Check 0.9.10"
| #define PACKAGE_BUGREPORT "check-devel at lists dot sourceforge dot net"
| #define PACKAGE_URL ""
| #define STDC_HEADERS 1
| #define HAVE_SYS_TYPES_H 1
| #define HAVE_SYS_STAT_H 1
| #define HAVE_STDLIB_H 1
| #define HAVE_STRING_H 1
| #define HAVE_MEMORY_H 1
| #define HAVE_STRINGS_H 1
| #define HAVE_INTTYPES_H 1
| #define HAVE_STDINT_H 1
| #define HAVE_UNISTD_H 1
| #define __EXTENSIONS__ 1
| #define _ALL_SOURCE 1
| #define _GNU_SOURCE 1
| #define _POSIX_PTHREAD_SEMANTICS 1
| #define _TANDEM_SOURCE 1
| #define PACKAGE "check"
| #define VERSION "0.9.10"
| #define HAVE_DLFCN_H 1
| #define LT_OBJDIR ".libs/"
| #define HAVE_LIBM 1
| #define STRUCT_ITIMERSPEC_DEFINITION_MISSING 1
| #define STRUCT_ITIMERSPEC_DEFINITION_MISSING 1
| #define STDC_HEADERS 1
| #define HAVE_SYS_WAIT_H 1
| #define HAVE_FCNTL_H 1
| #define HAVE_STDDEF_H 1
| #define HAVE_STDLIB_H 1
| #define HAVE_STRING_H 1
| #define HAVE_SYS_TIME_H 1
| #define HAVE_UNISTD_H 1
| #define ENABLE_SUBUNIT 0
| #define HAVE_LONG_LONG_INT 1
| #define HAVE_INTMAX_T 1
| #define HAVE_UNSIGNED_LONG_LONG_INT 1
| #define HAVE_UINTMAX_T 1
| #define TIME_WITH_SYS_TIME 1
| #define SIZEOF_INT 4
| #define SIZEOF_SHORT 2
| #define SIZEOF_LONG 8
| #define HAVE_STDLIB_H 1
| #define HAVE_MALLOC 1
| #define HAVE_STDLIB_H 1
| #define HAVE_REALLOC 1
| /* end confdefs.h.  */
| /* Define timer_create to an innocuous variant, in case <limits.h> declares timer_create.
|    For example, HP-UX 11i <limits.h> declares gettimeofday.  */
| #define timer_create innocuous_timer_create
| 
| /* System header to define __stub macros and hopefully few prototypes,
|     which can conflict with char timer_create (); below.
|     Prefer <limits.h> to <assert.h> if __STDC__ is defined, since
|     <limits.h> exists even on freestanding compilers.  */
| 
| #ifdef __STDC__
| # include <limits.h>
| #else
| # include <assert.h>
| #endif
| 
| #undef timer_create
| 
| /* Override any GCC internal prototype to avoid an error.
|    Use char because int might match the return type of a GCC
|    builtin and then its argument prototype would still apply.  */
| #ifdef __cplusplus
| extern "C"
| #endif
| char timer_create ();
| /* The GNU C library defines this for functions which it implements
|     to always fail with ENOSYS.  Some functions are actually named
|     something starting with __ and the normal name is an alias.  */
| #if defined __stub_timer_create || defined __stub___timer_create
| choke me
| #endif
| 
| int
| main ()
| {
| return timer_create ();
|   ;
|   return 0;
| }
configure:13997: result: no
configure:14010: checking for timer_settime
configure:14010: gcc -o conftest -g -O2 -Wall -ansi -pedantic -Wextra -Wstrict-prototypes -Wmissing-prototypes -Wwrite-strings -Wno-variadic-macros   conftest.c -lm  >&5
conftest.c:75: warning: function declaration isn't a prototype
conftest.c:85: warning: function declaration isn't a prototype
Undefined symbols for architecture x86_64:
  "_timer_settime", referenced from:
      _main in ccYEr8Rc.o
ld: symbol(s) not found for architecture x86_64
collect2: ld returned 1 exit status
configure:14010: $? = 1
configure: failed program was:
| /* confdefs.h */
| #define PACKAGE_NAME "Check"
| #define PACKAGE_TARNAME "check"
| #define PACKAGE_VERSION "0.9.10"
| #define PACKAGE_STRING "Check 0.9.10"
| #define PACKAGE_BUGREPORT "check-devel at lists dot sourceforge dot net"
| #define PACKAGE_URL ""
| #define STDC_HEADERS 1
| #define HAVE_SYS_TYPES_H 1
| #define HAVE_SYS_STAT_H 1
| #define HAVE_STDLIB_H 1
| #define HAVE_STRING_H 1
| #define HAVE_MEMORY_H 1
| #define HAVE_STRINGS_H 1
| #define HAVE_INTTYPES_H 1
| #define HAVE_STDINT_H 1
| #define HAVE_UNISTD_H 1
| #define __EXTENSIONS__ 1
| #define _ALL_SOURCE 1
| #define _GNU_SOURCE 1
| #define _POSIX_PTHREAD_SEMANTICS 1
| #define _TANDEM_SOURCE 1
| #define PACKAGE "check"
| #define VERSION "0.9.10"
| #define HAVE_DLFCN_H 1
| #define LT_OBJDIR ".libs/"
| #define HAVE_LIBM 1
| #define STRUCT_ITIMERSPEC_DEFINITION_MISSING 1
| #define STRUCT_ITIMERSPEC_DEFINITION_MISSING 1
| #define STDC_HEADERS 1
| #define HAVE_SYS_WAIT_H 1
| #define HAVE_FCNTL_H 1
| #define HAVE_STDDEF_H 1
| #define HAVE_STDLIB_H 1
| #define HAVE_STRING_H 1
| #define HAVE_SYS_TIME_H 1
| #define HAVE_UNISTD_H 1
| #define ENABLE_SUBUNIT 0
| #define HAVE_LONG_LONG_INT 1
| #define HAVE_INTMAX_T 1
| #define HAVE_UNSIGNED_LONG_LONG_INT 1
| #define HAVE_UINTMAX_T 1
| #define TIME_WITH_SYS_TIME 1
| #define SIZEOF_INT 4
| #define SIZEOF_SHORT 2
| #define SIZEOF_LONG 8
| #define HAVE_STDLIB_H 1
| #define HAVE_MALLOC 1
| #define HAVE_STDLIB_H 1
| #define HAVE_REALLOC 1
| /* end confdefs.h.  */
| /* Define timer_settime to an innocuous variant, in case <limits.h> declares timer_settime.
|    For example, HP-UX 11i <limits.h> declares gettimeofday.  */
| #define timer_settime innocuous_timer_settime
| 
| /* System header to define __stub macros and hopefully few prototypes,
|     which can conflict with char timer_settime (); below.
|     Prefer <limits.h> to <assert.h> if __STDC__ is defined, since
|     <limits.h> exists even on freestanding compilers.  */
| 
| #ifdef __STDC__
| # include <limits.h>
| #else
| # include <assert.h>
| #endif
| 
| #undef timer_settime
| 
| /* Override any GCC internal prototype to avoid an error.
|    Use char because int might match the return type of a GCC
|    builtin and then its argument prototype would still apply.  */
| #ifdef __cplusplus
| extern "C"
| #endif
| char timer_settime ();
| /* The GNU C library defines this for functions which it implements
|     to always fail with ENOSYS.  Some functions are actually named
|     something starting with __ and the normal name is an alias.  */
| #if defined __stub_timer_settime || defined __stub___timer_settime
| choke me
| #endif
| 
| int
| main ()
| {
| return timer_settime ();
|   ;
|   return 0;
| }
configure:14010: result: no
configure:14023: checking for timer_delete
configure:14023: gcc -o conftest -g -O2 -Wall -ansi -pedantic -Wextra -Wstrict-prototypes -Wmissing-prototypes -Wwrite-strings -Wno-variadic-macros   conftest.c -lm  >&5
conftest.c:75: warning: function declaration isn't a prototype
conftest.c:85: warning: function declaration isn't a prototype
Undefined symbols for architecture x86_64:
  "_timer_delete", referenced from:
      _main in ccZFeKTW.o
ld: symbol(s) not found for architecture x86_64
collect2: ld returned 1 exit status
configure:14023: $? = 1
configure: failed program was:
| /* confdefs.h */
| #define PACKAGE_NAME "Check"
| #define PACKAGE_TARNAME "check"
| #define PACKAGE_VERSION "0.9.10"
| #define PACKAGE_STRING "Check 0.9.10"
| #define PACKAGE_BUGREPORT "check-devel at lists dot sourceforge dot net"
| #define PACKAGE_URL ""
| #define STDC_HEADERS 1
| #define HAVE_SYS_TYPES_H 1
| #define HAVE_SYS_STAT_H 1
| #define HAVE_STDLIB_H 1
| #define HAVE_STRING_H 1
| #define HAVE_MEMORY_H 1
| #define HAVE_STRINGS_H 1
| #define HAVE_INTTYPES_H 1
| #define HAVE_STDINT_H 1
| #define HAVE_UNISTD_H 1
| #define __EXTENSIONS__ 1
| #define _ALL_SOURCE 1
| #define _GNU_SOURCE 1
| #define _POSIX_PTHREAD_SEMANTICS 1
| #define _TANDEM_SOURCE 1
| #define PACKAGE "check"
| #define VERSION "0.9.10"
| #define HAVE_DLFCN_H 1
| #define LT_OBJDIR ".libs/"
| #define HAVE_LIBM 1
| #define STRUCT_ITIMERSPEC_DEFINITION_MISSING 1
| #define STRUCT_ITIMERSPEC_DEFINITION_MISSING 1
| #define STDC_HEADERS 1
| #define HAVE_SYS_WAIT_H 1
| #define HAVE_FCNTL_H 1
| #define HAVE_STDDEF_H 1
| #define HAVE_STDLIB_H 1
| #define HAVE_STRING_H 1
| #define HAVE_SYS_TIME_H 1
| #define HAVE_UNISTD_H 1
| #define ENABLE_SUBUNIT 0
| #define HAVE_LONG_LONG_INT 1
| #define HAVE_INTMAX_T 1
| #define HAVE_UNSIGNED_LONG_LONG_INT 1
| #define HAVE_UINTMAX_T 1
| #define TIME_WITH_SYS_TIME 1
| #define SIZEOF_INT 4
| #define SIZEOF_SHORT 2
| #define SIZEOF_LONG 8
| #define HAVE_STDLIB_H 1
| #define HAVE_MALLOC 1
| #define HAVE_STDLIB_H 1
| #define HAVE_REALLOC 1
| /* end confdefs.h.  */
| /* Define timer_delete to an innocuous variant, in case <limits.h> declares timer_delete.
|    For example, HP-UX 11i <limits.h> declares gettimeofday.  */
| #define timer_delete innocuous_timer_delete
| 
| /* System header to define __stub macros and hopefully few prototypes,
|     which can conflict with char timer_delete (); below.
|     Prefer <limits.h> to <assert.h> if __STDC__ is defined, since
|     <limits.h> exists even on freestanding compilers.  */
| 
| #ifdef __STDC__
| # include <limits.h>
| #else
| # include <assert.h>
| #endif
| 
| #undef timer_delete
| 
| /* Override any GCC internal prototype to avoid an error.
|    Use char because int might match the return type of a GCC
|    builtin and then its argument prototype would still apply.  */
| #ifdef __cplusplus
| extern "C"
| #endif
| char timer_delete ();
| /* The GNU C library defines this for functions which it implements
|     to always fail with ENOSYS.  Some functions are actually named
|     something starting with __ and the normal name is an alias.  */
| #if defined __stub_timer_delete || defined __stub___timer_delete
| choke me
| #endif
| 
| int
| main ()
| {
| return timer_delete ();
|   ;
|   return 0;
| }
configure:14023: result: no
configure:14036: checking for fileno
configure:14036: gcc -o conftest -g -O2 -Wall -ansi -pedantic -Wextra -Wstrict-prototypes -Wmissing-prototypes -Wwrite-strings -Wno-variadic-macros   conftest.c -lm  >&5
conftest.c:75: warning: function declaration isn't a prototype
conftest.c:85: warning: function declaration isn't a prototype
configure:14036: $? = 0
configure:14036: result: yes
configure:14049: checking for localtime_r
configure:14049: gcc -o conftest -g -O2 -Wall -ansi -pedantic -Wextra -Wstrict-prototypes -Wmissing-prototypes -Wwrite-strings -Wno-variadic-macros   conftest.c -lm  >&5
conftest.c:76: warning: function declaration isn't a prototype
conftest.c:86: warning: function declaration isn't a prototype
configure:14049: $? = 0
configure:14049: result: yes
configure:14062: checking for pipe
configure:14062: gcc -o conftest -g -O2 -Wall -ansi -pedantic -Wextra -Wstrict-prototypes -Wmissing-prototypes -Wwrite-strings -Wno-variadic-macros   conftest.c -lm  >&5
conftest.c:77: warning: function declaration isn't a prototype
conftest.c:87: warning: function declaration isn't a prototype
configure:14062: $? = 0
configure:14062: result: yes
configure:14075: checking for putenv
configure:14075: gcc -o conftest -g -O2 -Wall -ansi -pedantic -Wextra -Wstrict-prototypes -Wmissing-prototypes -Wwrite-strings -Wno-variadic-macros   conftest.c -lm  >&5
conftest.c:78: warning: function declaration isn't a prototype
conftest.c:88: warning: function declaration isn't a prototype
configure:14075: $? = 0
configure:14075: result: yes
configure:14088: checking for setenv
configure:14088: gcc -o conftest -g -O2 -Wall -ansi -pedantic -Wextra -Wstrict-prototypes -Wmissing-prototypes -Wwrite-strings -Wno-variadic-macros   conftest.c -lm  >&5
conftest.c:79: warning: function declaration isn't a prototype
conftest.c:89: warning: function declaration isn't a prototype
configure:14088: $? = 0
configure:14088: result: yes
configure:14101: checking for sleep
configure:14101: gcc -o conftest -g -O2 -Wall -ansi -pedantic -Wextra -Wstrict-prototypes -Wmissing-prototypes -Wwrite-strings -Wno-variadic-macros   conftest.c -lm  >&5
conftest.c:80: warning: function declaration isn't a prototype
conftest.c:90: warning: function declaration isn't a prototype
configure:14101: $? = 0
configure:14101: result: yes
configure:14114: checking for strdup
configure:14114: gcc -o conftest -g -O2 -Wall -ansi -pedantic -Wextra -Wstrict-prototypes -Wmissing-prototypes -Wwrite-strings -Wno-variadic-macros   conftest.c -lm  >&5
conftest.c:81: warning: function declaration isn't a prototype
conftest.c:91: warning: function declaration isn't a prototype
configure:14114: $? = 0
configure:14114: result: yes
configure:14127: checking for strsignal
configure:14127: gcc -o conftest -g -O2 -Wall -ansi -pedantic -Wextra -Wstrict-prototypes -Wmissing-prototypes -Wwrite-strings -Wno-variadic-macros   conftest.c -lm  >&5
conftest.c:82: warning: function declaration isn't a prototype
conftest.c:92: warning: function declaration isn't a prototype
configure:14127: $? = 0
configure:14127: result: yes
configure:14140: checking for unsetenv
configure:14140: gcc -o conftest -g -O2 -Wall -ansi -pedantic -Wextra -Wstrict-prototypes -Wmissing-prototypes -Wwrite-strings -Wno-variadic-macros   conftest.c -lm  >&5
conftest.c:83: warning: function declaration isn't a prototype
conftest.c:93: warning: function declaration isn't a prototype
configure:14140: $? = 0
configure:14140: result: yes
configure:14154: checking whether clock_gettime is declared
configure:14154: gcc -c -g -O2 -Wall -ansi -pedantic -Wextra -Wstrict-prototypes -Wmissing-prototypes -Wwrite-strings -Wno-variadic-macros  conftest.c >&5
conftest.c:96: warning: function declaration isn't a prototype
conftest.c: In function 'main':
conftest.c:101: error: 'clock_gettime' undeclared (first use in this function)
conftest.c:101: error: (Each undeclared identifier is reported only once
conftest.c:101: error: for each function it appears in.)
configure:14154: $? = 1
configure: failed program was:
| /* confdefs.h */
| #define PACKAGE_NAME "Check"
| #define PACKAGE_TARNAME "check"
| #define PACKAGE_VERSION "0.9.10"
| #define PACKAGE_STRING "Check 0.9.10"
| #define PACKAGE_BUGREPORT "check-devel at lists dot sourceforge dot net"
| #define PACKAGE_URL ""
| #define STDC_HEADERS 1
| #define HAVE_SYS_TYPES_H 1
| #define HAVE_SYS_STAT_H 1
| #define HAVE_STDLIB_H 1
| #define HAVE_STRING_H 1
| #define HAVE_MEMORY_H 1
| #define HAVE_STRINGS_H 1
| #define HAVE_INTTYPES_H 1
| #define HAVE_STDINT_H 1
| #define HAVE_UNISTD_H 1
| #define __EXTENSIONS__ 1
| #define _ALL_SOURCE 1
| #define _GNU_SOURCE 1
| #define _POSIX_PTHREAD_SEMANTICS 1
| #define _TANDEM_SOURCE 1
| #define PACKAGE "check"
| #define VERSION "0.9.10"
| #define HAVE_DLFCN_H 1
| #define LT_OBJDIR ".libs/"
| #define HAVE_LIBM 1
| #define STRUCT_ITIMERSPEC_DEFINITION_MISSING 1
| #define STRUCT_ITIMERSPEC_DEFINITION_MISSING 1
| #define STDC_HEADERS 1
| #define HAVE_SYS_WAIT_H 1
| #define HAVE_FCNTL_H 1
| #define HAVE_STDDEF_H 1
| #define HAVE_STDLIB_H 1
| #define HAVE_STRING_H 1
| #define HAVE_SYS_TIME_H 1
| #define HAVE_UNISTD_H 1
| #define ENABLE_SUBUNIT 0
| #define HAVE_LONG_LONG_INT 1
| #define HAVE_INTMAX_T 1
| #define HAVE_UNSIGNED_LONG_LONG_INT 1
| #define HAVE_UINTMAX_T 1
| #define TIME_WITH_SYS_TIME 1
| #define SIZEOF_INT 4
| #define SIZEOF_SHORT 2
| #define SIZEOF_LONG 8
| #define HAVE_STDLIB_H 1
| #define HAVE_MALLOC 1
| #define HAVE_STDLIB_H 1
| #define HAVE_REALLOC 1
| #define HAVE_FILENO 1
| #define HAVE_LOCALTIME_R 1
| #define HAVE_PIPE 1
| #define HAVE_PUTENV 1
| #define HAVE_SETENV 1
| #define HAVE_SLEEP 1
| #define HAVE_STRDUP 1
| #define HAVE_STRSIGNAL 1
| #define HAVE_UNSETENV 1
| /* end confdefs.h.  */
| #include <stdio.h>
| #ifdef HAVE_SYS_TYPES_H
| # include <sys/types.h>
| #endif
| #ifdef HAVE_SYS_STAT_H
| # include <sys/stat.h>
| #endif
| #ifdef STDC_HEADERS
| # include <stdlib.h>
| # include <stddef.h>
| #else
| # ifdef HAVE_STDLIB_H
| #  include <stdlib.h>
| # endif
| #endif
| #ifdef HAVE_STRING_H
| # if !defined STDC_HEADERS && defined HAVE_MEMORY_H
| #  include <memory.h>
| # endif
| # include <string.h>
| #endif
| #ifdef HAVE_STRINGS_H
| # include <strings.h>
| #endif
| #ifdef HAVE_INTTYPES_H
| # include <inttypes.h>
| #endif
| #ifdef HAVE_STDINT_H
| # include <stdint.h>
| #endif
| #ifdef HAVE_UNISTD_H
| # include <unistd.h>
| #endif
| int
| main ()
| {
| #ifndef clock_gettime
| #ifdef __cplusplus
|   (void) clock_gettime;
| #else
|   (void) clock_gettime;
| #endif
| #endif
| 
|   ;
|   return 0;
| }
configure:14154: result: no
configure:14164: checking whether timer_create is declared
configure:14164: gcc -c -g -O2 -Wall -ansi -pedantic -Wextra -Wstrict-prototypes -Wmissing-prototypes -Wwrite-strings -Wno-variadic-macros  conftest.c >&5
conftest.c:97: warning: function declaration isn't a prototype
conftest.c: In function 'main':
conftest.c:102: error: 'timer_create' undeclared (first use in this function)
conftest.c:102: error: (Each undeclared identifier is reported only once
conftest.c:102: error: for each function it appears in.)
configure:14164: $? = 1
configure: failed program was:
| /* confdefs.h */
| #define PACKAGE_NAME "Check"
| #define PACKAGE_TARNAME "check"
| #define PACKAGE_VERSION "0.9.10"
| #define PACKAGE_STRING "Check 0.9.10"
| #define PACKAGE_BUGREPORT "check-devel at lists dot sourceforge dot net"
| #define PACKAGE_URL ""
| #define STDC_HEADERS 1
| #define HAVE_SYS_TYPES_H 1
| #define HAVE_SYS_STAT_H 1
| #define HAVE_STDLIB_H 1
| #define HAVE_STRING_H 1
| #define HAVE_MEMORY_H 1
| #define HAVE_STRINGS_H 1
| #define HAVE_INTTYPES_H 1
| #define HAVE_STDINT_H 1
| #define HAVE_UNISTD_H 1
| #define __EXTENSIONS__ 1
| #define _ALL_SOURCE 1
| #define _GNU_SOURCE 1
| #define _POSIX_PTHREAD_SEMANTICS 1
| #define _TANDEM_SOURCE 1
| #define PACKAGE "check"
| #define VERSION "0.9.10"
| #define HAVE_DLFCN_H 1
| #define LT_OBJDIR ".libs/"
| #define HAVE_LIBM 1
| #define STRUCT_ITIMERSPEC_DEFINITION_MISSING 1
| #define STRUCT_ITIMERSPEC_DEFINITION_MISSING 1
| #define STDC_HEADERS 1
| #define HAVE_SYS_WAIT_H 1
| #define HAVE_FCNTL_H 1
| #define HAVE_STDDEF_H 1
| #define HAVE_STDLIB_H 1
| #define HAVE_STRING_H 1
| #define HAVE_SYS_TIME_H 1
| #define HAVE_UNISTD_H 1
| #define ENABLE_SUBUNIT 0
| #define HAVE_LONG_LONG_INT 1
| #define HAVE_INTMAX_T 1
| #define HAVE_UNSIGNED_LONG_LONG_INT 1
| #define HAVE_UINTMAX_T 1
| #define TIME_WITH_SYS_TIME 1
| #define SIZEOF_INT 4
| #define SIZEOF_SHORT 2
| #define SIZEOF_LONG 8
| #define HAVE_STDLIB_H 1
| #define HAVE_MALLOC 1
| #define HAVE_STDLIB_H 1
| #define HAVE_REALLOC 1
| #define HAVE_FILENO 1
| #define HAVE_LOCALTIME_R 1
| #define HAVE_PIPE 1
| #define HAVE_PUTENV 1
| #define HAVE_SETENV 1
| #define HAVE_SLEEP 1
| #define HAVE_STRDUP 1
| #define HAVE_STRSIGNAL 1
| #define HAVE_UNSETENV 1
| #define HAVE_DECL_CLOCK_GETTIME 0
| /* end confdefs.h.  */
| #include <stdio.h>
| #ifdef HAVE_SYS_TYPES_H
| # include <sys/types.h>
| #endif
| #ifdef HAVE_SYS_STAT_H
| # include <sys/stat.h>
| #endif
| #ifdef STDC_HEADERS
| # include <stdlib.h>
| # include <stddef.h>
| #else
| # ifdef HAVE_STDLIB_H
| #  include <stdlib.h>
| # endif
| #endif
| #ifdef HAVE_STRING_H
| # if !defined STDC_HEADERS && defined HAVE_MEMORY_H
| #  include <memory.h>
| # endif
| # include <string.h>
| #endif
| #ifdef HAVE_STRINGS_H
| # include <strings.h>
| #endif
| #ifdef HAVE_INTTYPES_H
| # include <inttypes.h>
| #endif
| #ifdef HAVE_STDINT_H
| # include <stdint.h>
| #endif
| #ifdef HAVE_UNISTD_H
| # include <unistd.h>
| #endif
| int
| main ()
| {
| #ifndef timer_create
| #ifdef __cplusplus
|   (void) timer_create;
| #else
|   (void) timer_create;
| #endif
| #endif
| 
|   ;
|   return 0;
| }
configure:14164: result: no
configure:14174: checking whether timer_settime is declared
configure:14174: gcc -c -g -O2 -Wall -ansi -pedantic -Wextra -Wstrict-prototypes -Wmissing-prototypes -Wwrite-strings -Wno-variadic-macros  conftest.c >&5
conftest.c:98: warning: function declaration isn't a prototype
conftest.c: In function 'main':
conftest.c:103: error: 'timer_settime' undeclared (first use in this function)
conftest.c:103: error: (Each undeclared identifier is reported only once
conftest.c:103: error: for each function it appears in.)
configure:14174: $? = 1
configure: failed program was:
| /* confdefs.h */
| #define PACKAGE_NAME "Check"
| #define PACKAGE_TARNAME "check"
| #define PACKAGE_VERSION "0.9.10"
| #define PACKAGE_STRING "Check 0.9.10"
| #define PACKAGE_BUGREPORT "check-devel at lists dot sourceforge dot net"
| #define PACKAGE_URL ""
| #define STDC_HEADERS 1
| #define HAVE_SYS_TYPES_H 1
| #define HAVE_SYS_STAT_H 1
| #define HAVE_STDLIB_H 1
| #define HAVE_STRING_H 1
| #define HAVE_MEMORY_H 1
| #define HAVE_STRINGS_H 1
| #define HAVE_INTTYPES_H 1
| #define HAVE_STDINT_H 1
| #define HAVE_UNISTD_H 1
| #define __EXTENSIONS__ 1
| #define _ALL_SOURCE 1
| #define _GNU_SOURCE 1
| #define _POSIX_PTHREAD_SEMANTICS 1
| #define _TANDEM_SOURCE 1
| #define PACKAGE "check"
| #define VERSION "0.9.10"
| #define HAVE_DLFCN_H 1
| #define LT_OBJDIR ".libs/"
| #define HAVE_LIBM 1
| #define STRUCT_ITIMERSPEC_DEFINITION_MISSING 1
| #define STRUCT_ITIMERSPEC_DEFINITION_MISSING 1
| #define STDC_HEADERS 1
| #define HAVE_SYS_WAIT_H 1
| #define HAVE_FCNTL_H 1
| #define HAVE_STDDEF_H 1
| #define HAVE_STDLIB_H 1
| #define HAVE_STRING_H 1
| #define HAVE_SYS_TIME_H 1
| #define HAVE_UNISTD_H 1
| #define ENABLE_SUBUNIT 0
| #define HAVE_LONG_LONG_INT 1
| #define HAVE_INTMAX_T 1
| #define HAVE_UNSIGNED_LONG_LONG_INT 1
| #define HAVE_UINTMAX_T 1
| #define TIME_WITH_SYS_TIME 1
| #define SIZEOF_INT 4
| #define SIZEOF_SHORT 2
| #define SIZEOF_LONG 8
| #define HAVE_STDLIB_H 1
| #define HAVE_MALLOC 1
| #define HAVE_STDLIB_H 1
| #define HAVE_REALLOC 1
| #define HAVE_FILENO 1
| #define HAVE_LOCALTIME_R 1
| #define HAVE_PIPE 1
| #define HAVE_PUTENV 1
| #define HAVE_SETENV 1
| #define HAVE_SLEEP 1
| #define HAVE_STRDUP 1
| #define HAVE_STRSIGNAL 1
| #define HAVE_UNSETENV 1
| #define HAVE_DECL_CLOCK_GETTIME 0
| #define HAVE_DECL_TIMER_CREATE 0
| /* end confdefs.h.  */
| #include <stdio.h>
| #ifdef HAVE_SYS_TYPES_H
| # include <sys/types.h>
| #endif
| #ifdef HAVE_SYS_STAT_H
| # include <sys/stat.h>
| #endif
| #ifdef STDC_HEADERS
| # include <stdlib.h>
| # include <stddef.h>
| #else
| # ifdef HAVE_STDLIB_H
| #  include <stdlib.h>
| # endif
| #endif
| #ifdef HAVE_STRING_H
| # if !defined STDC_HEADERS && defined HAVE_MEMORY_H
| #  include <memory.h>
| # endif
| # include <string.h>
| #endif
| #ifdef HAVE_STRINGS_H
| # include <strings.h>
| #endif
| #ifdef HAVE_INTTYPES_H
| # include <inttypes.h>
| #endif
| #ifdef HAVE_STDINT_H
| # include <stdint.h>
| #endif
| #ifdef HAVE_UNISTD_H
| # include <unistd.h>
| #endif
| int
| main ()
| {
| #ifndef timer_settime
| #ifdef __cplusplus
|   (void) timer_settime;
| #else
|   (void) timer_settime;
| #endif
| #endif
| 
|   ;
|   return 0;
| }
configure:14174: result: no
configure:14184: checking whether timer_delete is declared
configure:14184: gcc -c -g -O2 -Wall -ansi -pedantic -Wextra -Wstrict-prototypes -Wmissing-prototypes -Wwrite-strings -Wno-variadic-macros  conftest.c >&5
conftest.c:99: warning: function declaration isn't a prototype
conftest.c: In function 'main':
conftest.c:104: error: 'timer_delete' undeclared (first use in this function)
conftest.c:104: error: (Each undeclared identifier is reported only once
conftest.c:104: error: for each function it appears in.)
configure:14184: $? = 1
configure: failed program was:
| /* confdefs.h */
| #define PACKAGE_NAME "Check"
| #define PACKAGE_TARNAME "check"
| #define PACKAGE_VERSION "0.9.10"
| #define PACKAGE_STRING "Check 0.9.10"
| #define PACKAGE_BUGREPORT "check-devel at lists dot sourceforge dot net"
| #define PACKAGE_URL ""
| #define STDC_HEADERS 1
| #define HAVE_SYS_TYPES_H 1
| #define HAVE_SYS_STAT_H 1
| #define HAVE_STDLIB_H 1
| #define HAVE_STRING_H 1
| #define HAVE_MEMORY_H 1
| #define HAVE_STRINGS_H 1
| #define HAVE_INTTYPES_H 1
| #define HAVE_STDINT_H 1
| #define HAVE_UNISTD_H 1
| #define __EXTENSIONS__ 1
| #define _ALL_SOURCE 1
| #define _GNU_SOURCE 1
| #define _POSIX_PTHREAD_SEMANTICS 1
| #define _TANDEM_SOURCE 1
| #define PACKAGE "check"
| #define VERSION "0.9.10"
| #define HAVE_DLFCN_H 1
| #define LT_OBJDIR ".libs/"
| #define HAVE_LIBM 1
| #define STRUCT_ITIMERSPEC_DEFINITION_MISSING 1
| #define STRUCT_ITIMERSPEC_DEFINITION_MISSING 1
| #define STDC_HEADERS 1
| #define HAVE_SYS_WAIT_H 1
| #define HAVE_FCNTL_H 1
| #define HAVE_STDDEF_H 1
| #define HAVE_STDLIB_H 1
| #define HAVE_STRING_H 1
| #define HAVE_SYS_TIME_H 1
| #define HAVE_UNISTD_H 1
| #define ENABLE_SUBUNIT 0
| #define HAVE_LONG_LONG_INT 1
| #define HAVE_INTMAX_T 1
| #define HAVE_UNSIGNED_LONG_LONG_INT 1
| #define HAVE_UINTMAX_T 1
| #define TIME_WITH_SYS_TIME 1
| #define SIZEOF_INT 4
| #define SIZEOF_SHORT 2
| #define SIZEOF_LONG 8
| #define HAVE_STDLIB_H 1
| #define HAVE_MALLOC 1
| #define HAVE_STDLIB_H 1
| #define HAVE_REALLOC 1
| #define HAVE_FILENO 1
| #define HAVE_LOCALTIME_R 1
| #define HAVE_PIPE 1
| #define HAVE_PUTENV 1
| #define HAVE_SETENV 1
| #define HAVE_SLEEP 1
| #define HAVE_STRDUP 1
| #define HAVE_STRSIGNAL 1
| #define HAVE_UNSETENV 1
| #define HAVE_DECL_CLOCK_GETTIME 0
| #define HAVE_DECL_TIMER_CREATE 0
| #define HAVE_DECL_TIMER_SETTIME 0
| /* end confdefs.h.  */
| #include <stdio.h>
| #ifdef HAVE_SYS_TYPES_H
| # include <sys/types.h>
| #endif
| #ifdef HAVE_SYS_STAT_H
| # include <sys/stat.h>
| #endif
| #ifdef STDC_HEADERS
| # include <stdlib.h>
| # include <stddef.h>
| #else
| # ifdef HAVE_STDLIB_H
| #  include <stdlib.h>
| # endif
| #endif
| #ifdef HAVE_STRING_H
| # if !defined STDC_HEADERS && defined HAVE_MEMORY_H
| #  include <memory.h>
| # endif
| # include <string.h>
| #endif
| #ifdef HAVE_STRINGS_H
| # include <strings.h>
| #endif
| #ifdef HAVE_INTTYPES_H
| # include <inttypes.h>
| #endif
| #ifdef HAVE_STDINT_H
| # include <stdint.h>
| #endif
| #ifdef HAVE_UNISTD_H
| # include <unistd.h>
| #endif
| int
| main ()
| {
| #ifndef timer_delete
| #ifdef __cplusplus
|   (void) timer_delete;
| #else
|   (void) timer_delete;
| #endif
| #endif
| 
|   ;
|   return 0;
| }
configure:14184: result: no
configure:14194: checking whether fileno is declared
configure:14194: gcc -c -g -O2 -Wall -ansi -pedantic -Wextra -Wstrict-prototypes -Wmissing-prototypes -Wwrite-strings -Wno-variadic-macros  conftest.c >&5
conftest.c:100: warning: function declaration isn't a prototype
configure:14194: $? = 0
configure:14194: result: yes
configure:14204: checking whether localtime_r is declared
configure:14204: gcc -c -g -O2 -Wall -ansi -pedantic -Wextra -Wstrict-prototypes -Wmissing-prototypes -Wwrite-strings -Wno-variadic-macros  conftest.c >&5
conftest.c:101: warning: function declaration isn't a prototype
conftest.c: In function 'main':
conftest.c:106: error: 'localtime_r' undeclared (first use in this function)
conftest.c:106: error: (Each undeclared identifier is reported only once
conftest.c:106: error: for each function it appears in.)
configure:14204: $? = 1
configure: failed program was:
| /* confdefs.h */
| #define PACKAGE_NAME "Check"
| #define PACKAGE_TARNAME "check"
| #define PACKAGE_VERSION "0.9.10"
| #define PACKAGE_STRING "Check 0.9.10"
| #define PACKAGE_BUGREPORT "check-devel at lists dot sourceforge dot net"
| #define PACKAGE_URL ""
| #define STDC_HEADERS 1
| #define HAVE_SYS_TYPES_H 1
| #define HAVE_SYS_STAT_H 1
| #define HAVE_STDLIB_H 1
| #define HAVE_STRING_H 1
| #define HAVE_MEMORY_H 1
| #define HAVE_STRINGS_H 1
| #define HAVE_INTTYPES_H 1
| #define HAVE_STDINT_H 1
| #define HAVE_UNISTD_H 1
| #define __EXTENSIONS__ 1
| #define _ALL_SOURCE 1
| #define _GNU_SOURCE 1
| #define _POSIX_PTHREAD_SEMANTICS 1
| #define _TANDEM_SOURCE 1
| #define PACKAGE "check"
| #define VERSION "0.9.10"
| #define HAVE_DLFCN_H 1
| #define LT_OBJDIR ".libs/"
| #define HAVE_LIBM 1
| #define STRUCT_ITIMERSPEC_DEFINITION_MISSING 1
| #define STRUCT_ITIMERSPEC_DEFINITION_MISSING 1
| #define STDC_HEADERS 1
| #define HAVE_SYS_WAIT_H 1
| #define HAVE_FCNTL_H 1
| #define HAVE_STDDEF_H 1
| #define HAVE_STDLIB_H 1
| #define HAVE_STRING_H 1
| #define HAVE_SYS_TIME_H 1
| #define HAVE_UNISTD_H 1
| #define ENABLE_SUBUNIT 0
| #define HAVE_LONG_LONG_INT 1
| #define HAVE_INTMAX_T 1
| #define HAVE_UNSIGNED_LONG_LONG_INT 1
| #define HAVE_UINTMAX_T 1
| #define TIME_WITH_SYS_TIME 1
| #define SIZEOF_INT 4
| #define SIZEOF_SHORT 2
| #define SIZEOF_LONG 8
| #define HAVE_STDLIB_H 1
| #define HAVE_MALLOC 1
| #define HAVE_STDLIB_H 1
| #define HAVE_REALLOC 1
| #define HAVE_FILENO 1
| #define HAVE_LOCALTIME_R 1
| #define HAVE_PIPE 1
| #define HAVE_PUTENV 1
| #define HAVE_SETENV 1
| #define HAVE_SLEEP 1
| #define HAVE_STRDUP 1
| #define HAVE_STRSIGNAL 1
| #define HAVE_UNSETENV 1
| #define HAVE_DECL_CLOCK_GETTIME 0
| #define HAVE_DECL_TIMER_CREATE 0
| #define HAVE_DECL_TIMER_SETTIME 0
| #define HAVE_DECL_TIMER_DELETE 0
| #define HAVE_DECL_FILENO 1
| /* end confdefs.h.  */
| #include <stdio.h>
| #ifdef HAVE_SYS_TYPES_H
| # include <sys/types.h>
| #endif
| #ifdef HAVE_SYS_STAT_H
| # include <sys/stat.h>
| #endif
| #ifdef STDC_HEADERS
| # include <stdlib.h>
| # include <stddef.h>
| #else
| # ifdef HAVE_STDLIB_H
| #  include <stdlib.h>
| # endif
| #endif
| #ifdef HAVE_STRING_H
| # if !defined STDC_HEADERS && defined HAVE_MEMORY_H
| #  include <memory.h>
| # endif
| # include <string.h>
| #endif
| #ifdef HAVE_STRINGS_H
| # include <strings.h>
| #endif
| #ifdef HAVE_INTTYPES_H
| # include <inttypes.h>
| #endif
| #ifdef HAVE_STDINT_H
| # include <stdint.h>
| #endif
| #ifdef HAVE_UNISTD_H
| # include <unistd.h>
| #endif
| int
| main ()
| {
| #ifndef localtime_r
| #ifdef __cplusplus
|   (void) localtime_r;
| #else
|   (void) localtime_r;
| #endif
| #endif
| 
|   ;
|   return 0;
| }
configure:14204: result: no
configure:14214: checking whether pipe is declared
configure:14214: gcc -c -g -O2 -Wall -ansi -pedantic -Wextra -Wstrict-prototypes -Wmissing-prototypes -Wwrite-strings -Wno-variadic-macros  conftest.c >&5
conftest.c:102: warning: function declaration isn't a prototype
configure:14214: $? = 0
configure:14214: result: yes
configure:14224: checking whether putenv is declared
configure:14224: gcc -c -g -O2 -Wall -ansi -pedantic -Wextra -Wstrict-prototypes -Wmissing-prototypes -Wwrite-strings -Wno-variadic-macros  conftest.c >&5
conftest.c:103: warning: function declaration isn't a prototype
configure:14224: $? = 0
configure:14224: result: yes
configure:14234: checking whether setenv is declared
configure:14234: gcc -c -g -O2 -Wall -ansi -pedantic -Wextra -Wstrict-prototypes -Wmissing-prototypes -Wwrite-strings -Wno-variadic-macros  conftest.c >&5
conftest.c:104: warning: function declaration isn't a prototype
configure:14234: $? = 0
configure:14234: result: yes
configure:14244: checking whether sleep is declared
configure:14244: gcc -c -g -O2 -Wall -ansi -pedantic -Wextra -Wstrict-prototypes -Wmissing-prototypes -Wwrite-strings -Wno-variadic-macros  conftest.c >&5
conftest.c:105: warning: function declaration isn't a prototype
configure:14244: $? = 0
configure:14244: result: yes
configure:14254: checking whether strdup is declared
configure:14254: gcc -c -g -O2 -Wall -ansi -pedantic -Wextra -Wstrict-prototypes -Wmissing-prototypes -Wwrite-strings -Wno-variadic-macros  conftest.c >&5
conftest.c:106: warning: function declaration isn't a prototype
configure:14254: $? = 0
configure:14254: result: yes
configure:14264: checking whether strsignal is declared
configure:14264: gcc -c -g -O2 -Wall -ansi -pedantic -Wextra -Wstrict-prototypes -Wmissing-prototypes -Wwrite-strings -Wno-variadic-macros  conftest.c >&5
conftest.c:107: warning: function declaration isn't a prototype
configure:14264: $? = 0
configure:14264: result: yes
configure:14274: checking whether unsetenv is declared
configure:14274: gcc -c -g -O2 -Wall -ansi -pedantic -Wextra -Wstrict-prototypes -Wmissing-prototypes -Wwrite-strings -Wno-variadic-macros  conftest.c >&5
conftest.c:108: warning: function declaration isn't a prototype
configure:14274: $? = 0
configure:14274: result: yes
configure:14294: checking for stdarg.h
configure:14294: gcc -c -g -O2 -Wall -ansi -pedantic -Wextra -Wstrict-prototypes -Wmissing-prototypes -Wwrite-strings -Wno-variadic-macros  conftest.c >&5
configure:14294: $? = 0
configure:14294: result: yes
configure:14294: checking for varargs.h
configure:14294: gcc -c -g -O2 -Wall -ansi -pedantic -Wextra -Wstrict-prototypes -Wmissing-prototypes -Wwrite-strings -Wno-variadic-macros  conftest.c >&5
In file included from conftest.c:109:
/usr/llvm-gcc-4.2/bin/../lib/gcc/i686-apple-darwin11/4.2.1/include/varargs.h:4:2: error: #error "GCC no longer implements <varargs.h>."
/usr/llvm-gcc-4.2/bin/../lib/gcc/i686-apple-darwin11/4.2.1/include/varargs.h:5:2: error: #error "Revise your code to use <stdarg.h>."
configure:14294: $? = 1
configure: failed program was:
| /* confdefs.h */
| #define PACKAGE_NAME "Check"
| #define PACKAGE_TARNAME "check"
| #define PACKAGE_VERSION "0.9.10"
| #define PACKAGE_STRING "Check 0.9.10"
| #define PACKAGE_BUGREPORT "check-devel at lists dot sourceforge dot net"
| #define PACKAGE_URL ""
| #define STDC_HEADERS 1
| #define HAVE_SYS_TYPES_H 1
| #define HAVE_SYS_STAT_H 1
| #define HAVE_STDLIB_H 1
| #define HAVE_STRING_H 1
| #define HAVE_MEMORY_H 1
| #define HAVE_STRINGS_H 1
| #define HAVE_INTTYPES_H 1
| #define HAVE_STDINT_H 1
| #define HAVE_UNISTD_H 1
| #define __EXTENSIONS__ 1
| #define _ALL_SOURCE 1
| #define _GNU_SOURCE 1
| #define _POSIX_PTHREAD_SEMANTICS 1
| #define _TANDEM_SOURCE 1
| #define PACKAGE "check"
| #define VERSION "0.9.10"
| #define HAVE_DLFCN_H 1
| #define LT_OBJDIR ".libs/"
| #define HAVE_LIBM 1
| #define STRUCT_ITIMERSPEC_DEFINITION_MISSING 1
| #define STRUCT_ITIMERSPEC_DEFINITION_MISSING 1
| #define STDC_HEADERS 1
| #define HAVE_SYS_WAIT_H 1
| #define HAVE_FCNTL_H 1
| #define HAVE_STDDEF_H 1
| #define HAVE_STDLIB_H 1
| #define HAVE_STRING_H 1
| #define HAVE_SYS_TIME_H 1
| #define HAVE_UNISTD_H 1
| #define ENABLE_SUBUNIT 0
| #define HAVE_LONG_LONG_INT 1
| #define HAVE_INTMAX_T 1
| #define HAVE_UNSIGNED_LONG_LONG_INT 1
| #define HAVE_UINTMAX_T 1
| #define TIME_WITH_SYS_TIME 1
| #define SIZEOF_INT 4
| #define SIZEOF_SHORT 2
| #define SIZEOF_LONG 8
| #define HAVE_STDLIB_H 1
| #define HAVE_MALLOC 1
| #define HAVE_STDLIB_H 1
| #define HAVE_REALLOC 1
| #define HAVE_FILENO 1
| #define HAVE_LOCALTIME_R 1
| #define HAVE_PIPE 1
| #define HAVE_PUTENV 1
| #define HAVE_SETENV 1
| #define HAVE_SLEEP 1
| #define HAVE_STRDUP 1
| #define HAVE_STRSIGNAL 1
| #define HAVE_UNSETENV 1
| #define HAVE_DECL_CLOCK_GETTIME 0
| #define HAVE_DECL_TIMER_CREATE 0
| #define HAVE_DECL_TIMER_SETTIME 0
| #define HAVE_DECL_TIMER_DELETE 0
| #define HAVE_DECL_FILENO 1
| #define HAVE_DECL_LOCALTIME_R 0
| #define HAVE_DECL_PIPE 1
| #define HAVE_DECL_PUTENV 1
| #define HAVE_DECL_SETENV 1
| #define HAVE_DECL_SLEEP 1
| #define HAVE_DECL_STRDUP 1
| #define HAVE_DECL_STRSIGNAL 1
| #define HAVE_DECL_UNSETENV 1
| #define HAVE_STDARG_H 1
| /* end confdefs.h.  */
| #include <stdio.h>
| #ifdef HAVE_SYS_TYPES_H
| # include <sys/types.h>
| #endif
| #ifdef HAVE_SYS_STAT_H
| # include <sys/stat.h>
| #endif
| #ifdef STDC_HEADERS
| # include <stdlib.h>
| # include <stddef.h>
| #else
| # ifdef HAVE_STDLIB_H
| #  include <stdlib.h>
| # endif
| #endif
| #ifdef HAVE_STRING_H
| # if !defined STDC_HEADERS && defined HAVE_MEMORY_H
| #  include <memory.h>
| # endif
| # include <string.h>
| #endif
| #ifdef HAVE_STRINGS_H
| # include <strings.h>
| #endif
| #ifdef HAVE_INTTYPES_H
| # include <inttypes.h>
| #endif
| #ifdef HAVE_STDINT_H
| # include <stdint.h>
| #endif
| #ifdef HAVE_UNISTD_H
| # include <unistd.h>
| #endif
| 
| #include <varargs.h>
configure:14294: result: no
configure:14311: checking for vsnprintf
configure:14311: gcc -o conftest -g -O2 -Wall -ansi -pedantic -Wextra -Wstrict-prototypes -Wmissing-prototypes -Wwrite-strings -Wno-variadic-macros   conftest.c -lm  >&5
conftest.c:98: warning: function declaration isn't a prototype
conftest.c:108: warning: function declaration isn't a prototype
configure:14311: $? = 0
configure:14311: result: yes
configure:14319: checking whether vsnprintf is C99 compliant
configure:14354: gcc -o conftest -g -O2 -Wall -ansi -pedantic -Wextra -Wstrict-prototypes -Wmissing-prototypes -Wwrite-strings -Wno-variadic-macros   conftest.c -lm  >&5
conftest.c:90: warning: function declaration isn't a prototype
configure:14354: $? = 0
configure:14354: ./conftest
configure:14354: $? = 0
configure:14364: result: yes
configure:14800: checking for snprintf
configure:14800: gcc -o conftest -g -O2 -Wall -ansi -pedantic -Wextra -Wstrict-prototypes -Wmissing-prototypes -Wwrite-strings -Wno-variadic-macros   conftest.c -lm  >&5
conftest.c:99: warning: function declaration isn't a prototype
conftest.c:109: warning: function declaration isn't a prototype
configure:14800: $? = 0
configure:14800: result: yes
configure:14808: checking whether snprintf is C99 compliant
configure:14831: gcc -o conftest -g -O2 -Wall -ansi -pedantic -Wextra -Wstrict-prototypes -Wmissing-prototypes -Wwrite-strings -Wno-variadic-macros   conftest.c -lm  >&5
conftest.c:79: warning: function declaration isn't a prototype
conftest.c: In function 'main':
conftest.c:82: warning: ISO C90 does not support the 'z' printf length modifier
configure:14831: $? = 0
configure:14831: ./conftest
configure:14831: $? = 0
configure:14841: result: yes
configure:14958: checking for vasprintf
configure:14958: gcc -o conftest -g -O2 -Wall -ansi -pedantic -Wextra -Wstrict-prototypes -Wmissing-prototypes -Wwrite-strings -Wno-variadic-macros   conftest.c -lm  >&5
conftest.c:100: warning: function declaration isn't a prototype
conftest.c:110: warning: function declaration isn't a prototype
configure:14958: $? = 0
configure:14958: result: yes
configure:15170: checking for asprintf
configure:15170: gcc -o conftest -g -O2 -Wall -ansi -pedantic -Wextra -Wstrict-prototypes -Wmissing-prototypes -Wwrite-strings -Wno-variadic-macros   conftest.c -lm  >&5
conftest.c:101: warning: function declaration isn't a prototype
conftest.c:111: warning: function declaration isn't a prototype
configure:15170: $? = 0
configure:15170: result: yes
configure:15448: checking for the pthreads library -lpthreads
configure:15481: gcc -o conftest -g -O2 -Wall -ansi -pedantic -Wextra -Wstrict-prototypes -Wmissing-prototypes -Wwrite-strings -Wno-variadic-macros    conftest.c -lpthreads -lm  >&5
conftest.c:82: warning: function declaration isn't a prototype
ld: library not found for -lpthreads
collect2: ld returned 1 exit status
configure:15481: $? = 1
configure: failed program was:
| /* confdefs.h */
| #define PACKAGE_NAME "Check"
| #define PACKAGE_TARNAME "check"
| #define PACKAGE_VERSION "0.9.10"
| #define PACKAGE_STRING "Check 0.9.10"
| #define PACKAGE_BUGREPORT "check-devel at lists dot sourceforge dot net"
| #define PACKAGE_URL ""
| #define STDC_HEADERS 1
| #define HAVE_SYS_TYPES_H 1
| #define HAVE_SYS_STAT_H 1
| #define HAVE_STDLIB_H 1
| #define HAVE_STRING_H 1
| #define HAVE_MEMORY_H 1
| #define HAVE_STRINGS_H 1
| #define HAVE_INTTYPES_H 1
| #define HAVE_STDINT_H 1
| #define HAVE_UNISTD_H 1
| #define __EXTENSIONS__ 1
| #define _ALL_SOURCE 1
| #define _GNU_SOURCE 1
| #define _POSIX_PTHREAD_SEMANTICS 1
| #define _TANDEM_SOURCE 1
| #define PACKAGE "check"
| #define VERSION "0.9.10"
| #define HAVE_DLFCN_H 1
| #define LT_OBJDIR ".libs/"
| #define HAVE_LIBM 1
| #define STRUCT_ITIMERSPEC_DEFINITION_MISSING 1
| #define STRUCT_ITIMERSPEC_DEFINITION_MISSING 1
| #define STDC_HEADERS 1
| #define HAVE_SYS_WAIT_H 1
| #define HAVE_FCNTL_H 1
| #define HAVE_STDDEF_H 1
| #define HAVE_STDLIB_H 1
| #define HAVE_STRING_H 1
| #define HAVE_SYS_TIME_H 1
| #define HAVE_UNISTD_H 1
| #define ENABLE_SUBUNIT 0
| #define HAVE_LONG_LONG_INT 1
| #define HAVE_INTMAX_T 1
| #define HAVE_UNSIGNED_LONG_LONG_INT 1
| #define HAVE_UINTMAX_T 1
| #define TIME_WITH_SYS_TIME 1
| #define SIZEOF_INT 4
| #define SIZEOF_SHORT 2
| #define SIZEOF_LONG 8
| #define HAVE_STDLIB_H 1
| #define HAVE_MALLOC 1
| #define HAVE_STDLIB_H 1
| #define HAVE_REALLOC 1
| #define HAVE_FILENO 1
| #define HAVE_LOCALTIME_R 1
| #define HAVE_PIPE 1
| #define HAVE_PUTENV 1
| #define HAVE_SETENV 1
| #define HAVE_SLEEP 1
| #define HAVE_STRDUP 1
| #define HAVE_STRSIGNAL 1
| #define HAVE_UNSETENV 1
| #define HAVE_DECL_CLOCK_GETTIME 0
| #define HAVE_DECL_TIMER_CREATE 0
| #define HAVE_DECL_TIMER_SETTIME 0
| #define HAVE_DECL_TIMER_DELETE 0
| #define HAVE_DECL_FILENO 1
| #define HAVE_DECL_LOCALTIME_R 0
| #define HAVE_DECL_PIPE 1
| #define HAVE_DECL_PUTENV 1
| #define HAVE_DECL_SETENV 1
| #define HAVE_DECL_SLEEP 1
| #define HAVE_DECL_STRDUP 1
| #define HAVE_DECL_STRSIGNAL 1
| #define HAVE_DECL_UNSETENV 1
| #define HAVE_STDARG_H 1
| #define HAVE_VSNPRINTF 1
| #define HAVE_SNPRINTF 1
| #define HAVE_VASPRINTF 1
| #define HAVE_ASPRINTF 1
| /* end confdefs.h.  */
| #include <pthread.h>
| int
| main ()
| {
| pthread_t th; pthread_join(th, 0);
|                      pthread_attr_init(0); pthread_cleanup_push(0, 0);
|                      pthread_create(0,0,0,0); pthread_cleanup_pop(0);
|   ;
|   return 0;
| }
configure:15490: result: no
configure:15393: checking whether pthreads work without any flags
configure:15481: gcc -o conftest -g -O2 -Wall -ansi -pedantic -Wextra -Wstrict-prototypes -Wmissing-prototypes -Wwrite-strings -Wno-variadic-macros    conftest.c  -lm  >&5
conftest.c:82: warning: function declaration isn't a prototype
configure:15481: $? = 0
configure:15490: result: yes
configure:15509: checking for joinable pthread attribute
configure:15524: gcc -o conftest -g -O2 -Wall -ansi -pedantic -Wextra -Wstrict-prototypes -Wmissing-prototypes -Wwrite-strings -Wno-variadic-macros    conftest.c  -lm  >&5
conftest.c:82: warning: function declaration isn't a prototype
configure:15524: $? = 0
configure:15530: result: PTHREAD_CREATE_JOINABLE
configure:15540: checking if more special flags are required for pthreads
configure:15547: result: -D_THREAD_SAFE
configure:15635: checking for awk
configure:15653: found /usr/bin/awk
configure:15666: result: /usr/bin/awk
configure:15847: creating ./config.status

## ---------------------- ##
## Running config.status. ##
## ---------------------- ##

This file was extended by Check config.status 0.9.10, which was
generated by GNU Autoconf 2.67.  Invocation command line was

  CONFIG_FILES    = 
  CONFIG_HEADERS  = 
  CONFIG_LINKS    = 
  CONFIG_COMMANDS = 
  $ ./config.status 

on dn0a22a86e.sunet

config.status:1182: creating checkmk/checkmk
config.status:1182: creating check.pc
config.status:1182: creating Makefile
config.status:1182: creating checkmk/Makefile
config.status:1182: creating doc/Makefile
config.status:1182: creating lib/Makefile
config.status:1182: creating src/check.h
config.status:1182: creating src/Makefile
config.status:1182: creating tests/Makefile
config.status:1182: creating tests/test_vars
config.status:1182: creating config.h
config.status:1362: config.h is unchanged
config.status:1410: executing depfiles commands
config.status:1410: executing libtool commands
config.status:1410: executing check_stdint.h commands
config.status:2148: creating check_stdint.h : _CHECK_CHECK_STDINT_H
config.status:1410: executing checkmk-x commands

## ---------------- ##
## Cache variables. ##
## ---------------- ##

ac_cv_build=x86_64-apple-darwin12.4.0
ac_cv_c_compiler_gnu=yes
ac_cv_c_const=yes
ac_cv_c_uint32_t=yes
ac_cv_cflags_warn_all_ansi='-Wall -ansi -pedantic'
ac_cv_env_AWK_PATH_set=
ac_cv_env_AWK_PATH_value=
ac_cv_env_CC_set=
ac_cv_env_CC_value=
ac_cv_env_CFLAGS_set=
ac_cv_env_CFLAGS_value=
ac_cv_env_CPPFLAGS_set=
ac_cv_env_CPPFLAGS_value=
ac_cv_env_CPP_set=
ac_cv_env_CPP_value=
ac_cv_env_LDFLAGS_set=
ac_cv_env_LDFLAGS_value=
ac_cv_env_LIBSUBUNIT_CFLAGS_set=
ac_cv_env_LIBSUBUNIT_CFLAGS_value=
ac_cv_env_LIBSUBUNIT_LIBS_set=
ac_cv_env_LIBSUBUNIT_LIBS_value=
ac_cv_env_LIBS_set=
ac_cv_env_LIBS_value=
ac_cv_env_PKG_CONFIG_LIBDIR_set=
ac_cv_env_PKG_CONFIG_LIBDIR_value=
ac_cv_env_PKG_CONFIG_PATH_set=
ac_cv_env_PKG_CONFIG_PATH_value=
ac_cv_env_PKG_CONFIG_set=
ac_cv_env_PKG_CONFIG_value=
ac_cv_env_build_alias_set=
ac_cv_env_build_alias_value=
ac_cv_env_host_alias_set=
ac_cv_env_host_alias_value=
ac_cv_env_target_alias_set=
ac_cv_env_target_alias_value=
ac_cv_func_asprintf=yes
ac_cv_func_clock_gettime=no
ac_cv_func_fileno=yes
ac_cv_func_localtime_r=yes
ac_cv_func_malloc_0_nonnull=yes
ac_cv_func_pipe=yes
ac_cv_func_putenv=yes
ac_cv_func_realloc_0_nonnull=yes
ac_cv_func_setenv=yes
ac_cv_func_sleep=yes
ac_cv_func_snprintf=yes
ac_cv_func_strdup=yes
ac_cv_func_strsignal=yes
ac_cv_func_timer_create=no
ac_cv_func_timer_delete=no
ac_cv_func_timer_settime=no
ac_cv_func_unsetenv=yes
ac_cv_func_vasprintf=yes
ac_cv_func_vsnprintf=yes
ac_cv_have_decl_clock_gettime=no
ac_cv_have_decl_fileno=yes
ac_cv_have_decl_localtime_r=no
ac_cv_have_decl_pipe=yes
ac_cv_have_decl_putenv=yes
ac_cv_have_decl_setenv=yes
ac_cv_have_decl_sleep=yes
ac_cv_have_decl_strdup=yes
ac_cv_have_decl_strsignal=yes
ac_cv_have_decl_timer_create=no
ac_cv_have_decl_timer_delete=no
ac_cv_have_decl_timer_settime=no
ac_cv_have_decl_unsetenv=yes
ac_cv_header_dlfcn_h=yes
ac_cv_header_fcntl_h=yes
ac_cv_header_inttypes_h=yes
ac_cv_header_memory_h=yes
ac_cv_header_minix_config_h=no
ac_cv_header_stdarg_h=yes
ac_cv_header_stdc=yes
ac_cv_header_stddef_h=yes
ac_cv_header_stdint=stdint.h
ac_cv_header_stdint_h=yes
ac_cv_header_stdint_t=stdint.h
ac_cv_header_stdlib_h=yes
ac_cv_header_string_h=yes
ac_cv_header_strings_h=yes
ac_cv_header_sys_stat_h=yes
ac_cv_header_sys_time_h=yes
ac_cv_header_sys_types_h=yes
ac_cv_header_sys_wait_h=yes
ac_cv_header_time=yes
ac_cv_header_unistd_h=yes
ac_cv_header_varargs_h=no
ac_cv_host=x86_64-apple-darwin12.4.0
ac_cv_lib_m_floor=yes
ac_cv_lib_rt_clock_gettime__timer_create__timer_settime__timer_delete=no
ac_cv_member_struct_itimerspec_it_interval=no
ac_cv_member_struct_itimerspec_it_value=no
ac_cv_objext=o
ac_cv_path_AWK_PATH=/usr/bin/awk
ac_cv_path_EGREP='/usr/bin/grep -E'
ac_cv_path_FGREP='/usr/bin/grep -F'
ac_cv_path_GREP=/usr/bin/grep
ac_cv_path_SED=/usr/bin/sed
ac_cv_path_ac_pt_PKG_CONFIG=/usr/local/bin/pkg-config
ac_cv_path_install='/usr/bin/install -c'
ac_cv_prog_AWK=awk
ac_cv_prog_CPP='gcc -E'
ac_cv_prog_GCOV=gcov
ac_cv_prog_TEX=tex
ac_cv_prog_ac_ct_AR=ar
ac_cv_prog_ac_ct_CC=gcc
ac_cv_prog_ac_ct_DSYMUTIL=dsymutil
ac_cv_prog_ac_ct_LIPO=lipo
ac_cv_prog_ac_ct_NMEDIT=nmedit
ac_cv_prog_ac_ct_OTOOL=otool
ac_cv_prog_ac_ct_RANLIB=ranlib
ac_cv_prog_ac_ct_STRIP=strip
ac_cv_prog_cc_c89=
ac_cv_prog_cc_g=yes
ac_cv_prog_cc_gcc_c_o=yes
ac_cv_prog_make_make_set=yes
ac_cv_safe_to_define___extensions__=yes
ac_cv_sizeof_int=4
ac_cv_sizeof_long=8
ac_cv_sizeof_short=2
ac_cv_stdint_message='using gnu compiler i686-apple-darwin11-llvm-gcc-4.2 (GCC) 4.2.1 (Based on Apple Inc. build 5658) (LLVM build 2336.11.00)'
ac_cv_stdint_result='(assuming C99 compatible system)'
ac_cv_struct_tm=time.h
ac_cv_type_intmax_t=yes
ac_cv_type_long_long_int=yes
ac_cv_type_pid_t=yes
ac_cv_type_size_t=yes
ac_cv_type_uintmax_t=yes
ac_cv_type_unsigned_long_long_int=yes
am_cv_CC_dependencies_compiler_type=gcc3
ax_cv_c_check_flag__Wextra=yes
ax_cv_c_check_flag__Wmissing_prototypes=yes
ax_cv_c_check_flag__Wno_variadic_macros=yes
ax_cv_c_check_flag__Wstrict_prototypes=yes
ax_cv_c_check_flag__Wwrite_strings=yes
hw_cv_func_asprintf=yes
hw_cv_func_snprintf=yes
hw_cv_func_snprintf_c99=yes
hw_cv_func_vasprintf=yes
hw_cv_func_vsnprintf=yes
hw_cv_func_vsnprintf_c99=yes
lt_cv_apple_cc_single_mod=yes
lt_cv_deplibs_check_method=pass_all
lt_cv_file_magic_cmd='$MAGIC_CMD'
lt_cv_file_magic_test_file=
lt_cv_ld_exported_symbols_list=yes
lt_cv_ld_reload_flag=-r
lt_cv_nm_interface='BSD nm'
lt_cv_objdir=.libs
lt_cv_path_LD=/usr/llvm-gcc-4.2/libexec/gcc/i686-apple-darwin11/4.2.1/ld
lt_cv_path_NM=/usr/bin/nm
lt_cv_prog_compiler_c_o=yes
lt_cv_prog_compiler_pic_works=yes
lt_cv_prog_compiler_rtti_exceptions=no
lt_cv_prog_compiler_static_works=no
lt_cv_prog_gnu_ld=no
lt_cv_sys_global_symbol_pipe='sed -n -e '\''s/^.*[	 ]\([BCDEGRST][BCDEGRST]*\)[	 ][	 ]*_\([_A-Za-z][_A-Za-z0-9]*\)$/\1 _\2 \2/p'\'''
lt_cv_sys_global_symbol_to_c_name_address='sed -n -e '\''s/^: \([^ ]*\) $/  {\"\1\", (void *) 0},/p'\'' -e '\''s/^[BCDEGRST]* \([^ ]*\) \([^ ]*\)$/  {"\2", (void *) \&\2},/p'\'''
lt_cv_sys_global_symbol_to_c_name_address_lib_prefix='sed -n -e '\''s/^: \([^ ]*\) $/  {\"\1\", (void *) 0},/p'\'' -e '\''s/^[BCDEGRST]* \([^ ]*\) \(lib[^ ]*\)$/  {"\2", (void *) \&\2},/p'\'' -e '\''s/^[BCDEGRST]* \([^ ]*\) \([^ ]*\)$/  {"lib\2", (void *) \&\2},/p'\'''
lt_cv_sys_global_symbol_to_cdecl='sed -n -e '\''s/^T .* \(.*\)$/extern int \1();/p'\'' -e '\''s/^[BCDEGRST]* .* \(.*\)$/extern char \1;/p'\'''
lt_cv_sys_max_cmd_len=196608

## ----------------- ##
## Output variables. ##
## ----------------- ##

ACLOCAL='${SHELL} /Users/tiago/NSCS/C/check-0.9.10/build-aux/missing --run aclocal-1.11'
AMDEPBACKSLASH='\'
AMDEP_FALSE='#'
AMDEP_TRUE=''
AMTAR='${SHELL} /Users/tiago/NSCS/C/check-0.9.10/build-aux/missing --run tar'
AR='ar'
AUTOCONF='${SHELL} /Users/tiago/NSCS/C/check-0.9.10/build-aux/missing --run autoconf'
AUTOHEADER='${SHELL} /Users/tiago/NSCS/C/check-0.9.10/build-aux/missing --run autoheader'
AUTOMAKE='${SHELL} /Users/tiago/NSCS/C/check-0.9.10/build-aux/missing --run automake-1.11'
AWK='awk'
AWK_GSUB_DBL_BSLASH='\\\\'
AWK_PATH='/usr/bin/awk'
CC='gcc'
CCDEPMODE='depmode=gcc3'
CFLAGS='-g -O2 -Wall -ansi -pedantic -Wextra -Wstrict-prototypes -Wmissing-prototypes -Wwrite-strings -Wno-variadic-macros'
CHECK_MAJOR_VERSION='0'
CHECK_MICRO_VERSION='10'
CHECK_MINOR_VERSION='9'
CHECK_VERSION='0.9.10'
CPP='gcc -E'
CPPFLAGS=''
CYGPATH_W='echo'
DEFS='-DHAVE_CONFIG_H'
DEPDIR='.deps'
DSYMUTIL='dsymutil'
DUMPBIN=''
ECHO_C='\c'
ECHO_N=''
ECHO_T=''
EGREP='/usr/bin/grep -E'
ENABLE_GCOV_FALSE=''
ENABLE_GCOV_TRUE='#'
ENABLE_SUBUNIT='0'
EXEEXT=''
FGREP='/usr/bin/grep -F'
GCOV='gcov'
GCOV_CFLAGS=''
GCOV_LIBS=''
GENHTML='false'
GREP='/usr/bin/grep'
INSTALL_CHECKMK_FALSE='#'
INSTALL_CHECKMK_TRUE=''
INSTALL_DATA='${INSTALL} -m 644'
INSTALL_PROGRAM='${INSTALL}'
INSTALL_SCRIPT='${INSTALL}'
INSTALL_STRIP_PROGRAM='$(install_sh) -c -s'
LCOV='false'
LD='/usr/llvm-gcc-4.2/libexec/gcc/i686-apple-darwin11/4.2.1/ld'
LDFLAGS=''
LIBOBJS=' ${LIBOBJDIR}clock_gettime$U.o ${LIBOBJDIR}timer_create$U.o ${LIBOBJDIR}timer_settime$U.o ${LIBOBJDIR}timer_delete$U.o'
LIBS='-lm '
LIBSUBUNIT_CFLAGS=''
LIBSUBUNIT_LIBS=''
LIBSUBUNIT_PC=''
LIBTOOL='$(SHELL) $(top_builddir)/libtool'
LIPO='lipo'
LN_S='ln -s'
LTLIBOBJS=' ${LIBOBJDIR}clock_gettime$U.lo ${LIBOBJDIR}timer_create$U.lo ${LIBOBJDIR}timer_settime$U.lo ${LIBOBJDIR}timer_delete$U.lo'
MAKEINFO='${SHELL} /Users/tiago/NSCS/C/check-0.9.10/build-aux/missing --run makeinfo'
MKDIR_P='build-aux/install-sh -c -d'
NM='/usr/bin/nm'
NMEDIT='nmedit'
NO_TIMEOUT_TESTS_FALSE=''
NO_TIMEOUT_TESTS_TRUE='#'
OBJDUMP='false'
OBJEXT='o'
OTOOL64=':'
OTOOL='otool'
PACKAGE='check'
PACKAGE_BUGREPORT='check-devel at lists dot sourceforge dot net'
PACKAGE_NAME='Check'
PACKAGE_STRING='Check 0.9.10'
PACKAGE_TARNAME='check'
PACKAGE_URL=''
PACKAGE_VERSION='0.9.10'
PATH_SEPARATOR=':'
PKG_CONFIG='/usr/local/bin/pkg-config'
PKG_CONFIG_LIBDIR=''
PKG_CONFIG_PATH=''
PTHREAD_CC='gcc'
PTHREAD_CFLAGS='-D_THREAD_SAFE '
PTHREAD_LIBS=''
RANLIB='ranlib'
SED='/usr/bin/sed'
SET_MAKE=''
SHELL='/bin/sh'
STRIP='strip'
SUBUNIT_FALSE=''
SUBUNIT_TRUE='#'
TEX='tex'
VERSION='0.9.10'
ac_ct_CC='gcc'
ac_ct_DUMPBIN=''
acx_pthread_config=''
am__EXEEXT_FALSE=''
am__EXEEXT_TRUE='#'
am__fastdepCC_FALSE='#'
am__fastdepCC_TRUE=''
am__include='include'
am__isrc=''
am__leading_dot='.'
am__quote=''
am__tar='${AMTAR} chof - "$$tardir"'
am__untar='${AMTAR} xf -'
bindir='${exec_prefix}/bin'
build='x86_64-apple-darwin12.4.0'
build_alias=''
build_cpu='x86_64'
build_os='darwin12.4.0'
build_vendor='apple'
datadir='${datarootdir}'
datarootdir='${prefix}/share'
docdir='${datarootdir}/doc/${PACKAGE_TARNAME}'
dvidir='${docdir}'
exec_prefix='${prefix}'
host='x86_64-apple-darwin12.4.0'
host_alias=''
host_cpu='x86_64'
host_os='darwin12.4.0'
host_vendor='apple'
htmldir='${docdir}'
includedir='${prefix}/include'
infodir='${datarootdir}/info'
install_sh='${SHELL} /Users/tiago/NSCS/C/check-0.9.10/build-aux/install-sh'
libdir='${exec_prefix}/lib'
libexecdir='${exec_prefix}/libexec'
localedir='${datarootdir}/locale'
localstatedir='${prefix}/var'
lt_ECHO='/bin/echo'
mandir='${datarootdir}/man'
mkdir_p='$(top_builddir)/build-aux/install-sh -c -d'
oldincludedir='/usr/include'
pdfdir='${docdir}'
prefix='/usr/local'
program_transform_name='s,x,x,'
psdir='${docdir}'
sbindir='${exec_prefix}/sbin'
sharedstatedir='${prefix}/com'
sysconfdir='${prefix}/etc'
target_alias=''

## ----------- ##
## confdefs.h. ##
## ----------- ##

/* confdefs.h */
#define PACKAGE_NAME "Check"
#define PACKAGE_TARNAME "check"
#define PACKAGE_VERSION "0.9.10"
#define PACKAGE_STRING "Check 0.9.10"
#define PACKAGE_BUGREPORT "check-devel at lists dot sourceforge dot net"
#define PACKAGE_URL ""
#define STDC_HEADERS 1
#define HAVE_SYS_TYPES_H 1
#define HAVE_SYS_STAT_H 1
#define HAVE_STDLIB_H 1
#define HAVE_STRING_H 1
#define HAVE_MEMORY_H 1
#define HAVE_STRINGS_H 1
#define HAVE_INTTYPES_H 1
#define HAVE_STDINT_H 1
#define HAVE_UNISTD_H 1
#define __EXTENSIONS__ 1
#define _ALL_SOURCE 1
#define _GNU_SOURCE 1
#define _POSIX_PTHREAD_SEMANTICS 1
#define _TANDEM_SOURCE 1
#define PACKAGE "check"
#define VERSION "0.9.10"
#define HAVE_DLFCN_H 1
#define LT_OBJDIR ".libs/"
#define HAVE_LIBM 1
#define STRUCT_ITIMERSPEC_DEFINITION_MISSING 1
#define STRUCT_ITIMERSPEC_DEFINITION_MISSING 1
#define STDC_HEADERS 1
#define HAVE_SYS_WAIT_H 1
#define HAVE_FCNTL_H 1
#define HAVE_STDDEF_H 1
#define HAVE_STDLIB_H 1
#define HAVE_STRING_H 1
#define HAVE_SYS_TIME_H 1
#define HAVE_UNISTD_H 1
#define ENABLE_SUBUNIT 0
#define HAVE_LONG_LONG_INT 1
#define HAVE_INTMAX_T 1
#define HAVE_UNSIGNED_LONG_LONG_INT 1
#define HAVE_UINTMAX_T 1
#define TIME_WITH_SYS_TIME 1
#define SIZEOF_INT 4
#define SIZEOF_SHORT 2
#define SIZEOF_LONG 8
#define HAVE_STDLIB_H 1
#define HAVE_MALLOC 1
#define HAVE_STDLIB_H 1
#define HAVE_REALLOC 1
#define HAVE_FILENO 1
#define HAVE_LOCALTIME_R 1
#define HAVE_PIPE 1
#define HAVE_PUTENV 1
#define HAVE_SETENV 1
#define HAVE_SLEEP 1
#define HAVE_STRDUP 1
#define HAVE_STRSIGNAL 1
#define HAVE_UNSETENV 1
#define HAVE_DECL_CLOCK_GETTIME 0
#define HAVE_DECL_TIMER_CREATE 0
#define HAVE_DECL_TIMER_SETTIME 0
#define HAVE_DECL_TIMER_DELETE 0
#define HAVE_DECL_FILENO 1
#define HAVE_DECL_LOCALTIME_R 0
#define HAVE_DECL_PIPE 1
#define HAVE_DECL_PUTENV 1
#define HAVE_DECL_SETENV 1
#define HAVE_DECL_SLEEP 1
#define HAVE_DECL_STRDUP 1
#define HAVE_DECL_STRSIGNAL 1
#define HAVE_DECL_UNSETENV 1
#define HAVE_STDARG_H 1
#define HAVE_VSNPRINTF 1
#define HAVE_SNPRINTF 1
#define HAVE_VASPRINTF 1
#define HAVE_ASPRINTF 1
#define HAVE_PTHREAD 1

configure: exit 0
